<?xml version="1.0" encoding="UTF-8"?>
<!-- Generated by org.testng.reporters.JUnitXMLReporter -->
<testsuite ignored="0" hostname="LIN-5CD532CCPB" failures="0" tests="8" name="Career Data-Driven Tests" time="141.24" errors="0" timestamp="2025-11-04T09:38:07 IST">
  <testcase classname="com.edureka.test.CareerDataDrivenTest" name="testJobApplication" time="36.607"/>
  <testcase classname="com.edureka.test.CareerDataDrivenTest" name="testJobApplication" time="25.856"/>
  <testcase classname="com.edureka.test.CareerDataDrivenTest" name="testJobApplication" time="31.02"/>
  <testcase classname="com.edureka.test.CareerDataDrivenTest" name="testJobApplication" time="25.826"/>
  <testcase classname="com.edureka.test.CareerDataDrivenTest" name="testFormFieldValidation" time="0.004"/>
  <testcase classname="com.edureka.test.CareerDataDrivenTest" name="testFormFieldValidation" time="0.003"/>
  <testcase classname="com.edureka.test.CareerDataDrivenTest" name="testFormFieldValidation" time="0.002"/>
  <testcase classname="com.edureka.test.CareerDataDrivenTest" name="testFormFieldValidation" time="0.0"/>
</testsuite> <!-- Career Data-Driven Tests -->
