<?xml version="1.0" encoding="UTF-8"?>
<!-- Generated by org.testng.reporters.JUnitXMLReporter -->
<testsuite ignored="0" hostname="Zane" failures="0" tests="8" name="Career Data-Driven Tests" time="94.036" errors="0" timestamp="2025-11-03T23:07:43 IST">
  <testcase classname="com.edureka.test.CareerDataDrivenTest" name="testJobApplication" time="20.974"/>
  <testcase classname="com.edureka.test.CareerDataDrivenTest" name="testJobApplication" time="20.251"/>
  <testcase classname="com.edureka.test.CareerDataDrivenTest" name="testJobApplication" time="20.209"/>
  <testcase classname="com.edureka.test.CareerDataDrivenTest" name="testJobApplication" time="20.68"/>
  <testcase classname="com.edureka.test.CareerDataDrivenTest" name="testFormFieldValidation" time="0.004"/>
  <testcase classname="com.edureka.test.CareerDataDrivenTest" name="testFormFieldValidation" time="0.002"/>
  <testcase classname="com.edureka.test.CareerDataDrivenTest" name="testFormFieldValidation" time="0.002"/>
  <testcase classname="com.edureka.test.CareerDataDrivenTest" name="testFormFieldValidation" time="0.002"/>
</testsuite> <!-- Career Data-Driven Tests -->
