<html>
<head>
<title>TestNG:  Search Data-Driven Tests</title>
<link href="../testng.css" rel="stylesheet" type="text/css" />
<link href="../my-testng.css" rel="stylesheet" type="text/css" />

<style type="text/css">
.log { display: none;} 
.stack-trace { display: none;} 
</style>
<script type="text/javascript">
<!--
function flip(e) {
  current = e.style.display;
  if (current == 'block') {
    e.style.display = 'none';
    return 0;
  }
  else {
    e.style.display = 'block';
    return 1;
  }
}

function toggleBox(szDivId, elem, msg1, msg2)
{
  var res = -1;  if (document.getElementById) {
    res = flip(document.getElementById(szDivId));
  }
  else if (document.all) {
    // this is the way old msie versions work
    res = flip(document.all[szDivId]);
  }
  if(elem) {
    if(res == 0) elem.innerHTML = msg1; else elem.innerHTML = msg2;
  }

}

function toggleAllBoxes() {
  if (document.getElementsByTagName) {
    d = document.getElementsByTagName('div');
    for (i = 0; i < d.length; i++) {
      if (d[i].className == 'log') {
        flip(d[i]);
      }
    }
  }
}

// -->
</script>

</head>
<body>
<h2 align='center'>Search Data-Driven Tests</h2><table border='1' align="center">
<tr>
<td>Tests passed/Failed/Skipped:</td><td>11/7/0</td>
</tr><tr>
<td>Started on:</td><td>Mon Nov 03 23:07:43 IST 2025</td>
</tr>
<tr><td>Total time:</td><td>263 seconds (263151 ms)</td>
</tr><tr>
<td>Included groups:</td><td></td>
</tr><tr>
<td>Excluded groups:</td><td></td>
</tr>
</table><p/>
<small><i>(Hover the method name to see the test class name)</i></small><p/>
<table width='100%' border='1' class='invocation-failed'>
<tr><td colspan='4' align='center'><b>FAILED TESTS</b></td></tr>
<tr><td><b>Test method</b></td>
<td><b>Attribute(s)</b></td>
<td width="30%"><b>Exception</b></td>
<td width="10%"><b>Time (seconds)</b></td>
<td><b>Instance</b></td>
</tr>
<tr>
<td title='com.edureka.test.SearchDataDrivenTest.testSearchInputValidation()'><b>testSearchInputValidation</b><br>Test class: com.edureka.test.SearchDataDrivenTest<br>Test method: Validate search input field<br>Parameters: Python, 15, Yes, Popular course search</td>
<td><div><pre>java.lang.AssertionError: Input validation failed: Cannot invoke &quot;org.openqa.selenium.JavascriptExecutor.executeScript(String, Object[])&quot; because &quot;this.js&quot; is null
	at com.edureka.test.SearchDataDrivenTest.testSearchInputValidation(SearchDataDrivenTest.java:250)
	at java.base/java.util.ArrayList.forEach(ArrayList.java:1604)
... Removed 26 stack frames</pre></div><a href='#' onClick='toggleBox("stack-trace842821532", this, "Click to show all stack frames", "Click to hide stack frames")'>Click to show all stack frames</a>
<div class='stack-trace' id='stack-trace842821532'><pre>java.lang.AssertionError: Input validation failed: Cannot invoke &quot;org.openqa.selenium.JavascriptExecutor.executeScript(String, Object[])&quot; because &quot;this.js&quot; is null
	at org.testng.Assert.fail(Assert.java:111)
	at com.edureka.test.SearchDataDrivenTest.testSearchInputValidation(SearchDataDrivenTest.java:250)
	at java.base/jdk.internal.reflect.DirectMethodHandleAccessor.invoke(DirectMethodHandleAccessor.java:104)
	at java.base/java.lang.reflect.Method.invoke(Method.java:565)
	at org.testng.internal.invokers.MethodInvocationHelper.invokeMethod(MethodInvocationHelper.java:141)
	at org.testng.internal.invokers.TestInvoker.invokeMethod(TestInvoker.java:687)
	at org.testng.internal.invokers.TestInvoker.invokeTestMethod(TestInvoker.java:230)
	at org.testng.internal.invokers.MethodRunner.runInSequence(MethodRunner.java:63)
	at org.testng.internal.invokers.TestInvoker$MethodInvocationAgent.invoke(TestInvoker.java:995)
	at org.testng.internal.invokers.TestInvoker.invokeTestMethods(TestInvoker.java:203)
	at org.testng.internal.invokers.TestMethodWorker.invokeTestMethods(TestMethodWorker.java:154)
	at org.testng.internal.invokers.TestMethodWorker.run(TestMethodWorker.java:134)
	at java.base/java.util.ArrayList.forEach(ArrayList.java:1604)
	at org.testng.TestRunner.privateRun(TestRunner.java:741)
	at org.testng.TestRunner.run(TestRunner.java:616)
	at org.testng.SuiteRunner.runTest(SuiteRunner.java:421)
	at org.testng.SuiteRunner.runSequentially(SuiteRunner.java:413)
	at org.testng.SuiteRunner.privateRun(SuiteRunner.java:373)
	at org.testng.SuiteRunner.run(SuiteRunner.java:312)
	at org.testng.SuiteRunnerWorker.runSuite(SuiteRunnerWorker.java:52)
	at org.testng.SuiteRunnerWorker.run(SuiteRunnerWorker.java:95)
	at org.testng.TestNG.runSuitesSequentially(TestNG.java:1274)
	at org.testng.TestNG.runSuitesLocally(TestNG.java:1208)
	at org.testng.TestNG.runSuites(TestNG.java:1112)
	at org.testng.TestNG.run(TestNG.java:1079)
	at org.testng.remote.AbstractRemoteTestNG.run(AbstractRemoteTestNG.java:115)
	at org.testng.remote.RemoteTestNG.initAndRun(RemoteTestNG.java:293)
	at org.testng.remote.RemoteTestNG.main(RemoteTestNG.java:91)
</pre></div></td>
<td>4</td>
<td>com.edureka.test.SearchDataDrivenTest@2d3379b4</td></tr>
<tr>
<td title='com.edureka.test.SearchDataDrivenTest.testMultipleSearches()'><b>testMultipleSearches</b><br>Test class: com.edureka.test.SearchDataDrivenTest<br>Test method: Test multiple consecutive searches<br>Parameters: Machine Learning, 10, Yes, Multi-word search</td>
<td><div><pre>java.lang.AssertionError: Test failed: Cannot invoke &quot;org.openqa.selenium.JavascriptExecutor.executeScript(String, Object[])&quot; because &quot;this.js&quot; is null
	at com.edureka.test.SearchDataDrivenTest.testMultipleSearches(SearchDataDrivenTest.java:203)
	at java.base/java.util.ArrayList.forEach(ArrayList.java:1604)
... Removed 26 stack frames</pre></div><a href='#' onClick='toggleBox("stack-trace28100456", this, "Click to show all stack frames", "Click to hide stack frames")'>Click to show all stack frames</a>
<div class='stack-trace' id='stack-trace28100456'><pre>java.lang.AssertionError: Test failed: Cannot invoke &quot;org.openqa.selenium.JavascriptExecutor.executeScript(String, Object[])&quot; because &quot;this.js&quot; is null
	at org.testng.Assert.fail(Assert.java:111)
	at com.edureka.test.SearchDataDrivenTest.testMultipleSearches(SearchDataDrivenTest.java:203)
	at java.base/jdk.internal.reflect.DirectMethodHandleAccessor.invoke(DirectMethodHandleAccessor.java:104)
	at java.base/java.lang.reflect.Method.invoke(Method.java:565)
	at org.testng.internal.invokers.MethodInvocationHelper.invokeMethod(MethodInvocationHelper.java:141)
	at org.testng.internal.invokers.TestInvoker.invokeMethod(TestInvoker.java:687)
	at org.testng.internal.invokers.TestInvoker.invokeTestMethod(TestInvoker.java:230)
	at org.testng.internal.invokers.MethodRunner.runInSequence(MethodRunner.java:63)
	at org.testng.internal.invokers.TestInvoker$MethodInvocationAgent.invoke(TestInvoker.java:995)
	at org.testng.internal.invokers.TestInvoker.invokeTestMethods(TestInvoker.java:203)
	at org.testng.internal.invokers.TestMethodWorker.invokeTestMethods(TestMethodWorker.java:154)
	at org.testng.internal.invokers.TestMethodWorker.run(TestMethodWorker.java:134)
	at java.base/java.util.ArrayList.forEach(ArrayList.java:1604)
	at org.testng.TestRunner.privateRun(TestRunner.java:741)
	at org.testng.TestRunner.run(TestRunner.java:616)
	at org.testng.SuiteRunner.runTest(SuiteRunner.java:421)
	at org.testng.SuiteRunner.runSequentially(SuiteRunner.java:413)
	at org.testng.SuiteRunner.privateRun(SuiteRunner.java:373)
	at org.testng.SuiteRunner.run(SuiteRunner.java:312)
	at org.testng.SuiteRunnerWorker.runSuite(SuiteRunnerWorker.java:52)
	at org.testng.SuiteRunnerWorker.run(SuiteRunnerWorker.java:95)
	at org.testng.TestNG.runSuitesSequentially(TestNG.java:1274)
	at org.testng.TestNG.runSuitesLocally(TestNG.java:1208)
	at org.testng.TestNG.runSuites(TestNG.java:1112)
	at org.testng.TestNG.run(TestNG.java:1079)
	at org.testng.remote.AbstractRemoteTestNG.run(AbstractRemoteTestNG.java:115)
	at org.testng.remote.RemoteTestNG.initAndRun(RemoteTestNG.java:293)
	at org.testng.remote.RemoteTestNG.main(RemoteTestNG.java:91)
</pre></div></td>
<td>4</td>
<td>com.edureka.test.SearchDataDrivenTest@2d3379b4</td></tr>
<tr>
<td title='com.edureka.test.SearchDataDrivenTest.testSearchInputValidation()'><b>testSearchInputValidation</b><br>Test class: com.edureka.test.SearchDataDrivenTest<br>Test method: Validate search input field<br>Parameters: Machine Learning, 10, Yes, Multi-word search</td>
<td><div><pre>java.lang.AssertionError: Input validation failed: Cannot invoke &quot;org.openqa.selenium.JavascriptExecutor.executeScript(String, Object[])&quot; because &quot;this.js&quot; is null
	at com.edureka.test.SearchDataDrivenTest.testSearchInputValidation(SearchDataDrivenTest.java:250)
	at java.base/java.util.ArrayList.forEach(ArrayList.java:1604)
... Removed 26 stack frames</pre></div><a href='#' onClick='toggleBox("stack-trace336734710", this, "Click to show all stack frames", "Click to hide stack frames")'>Click to show all stack frames</a>
<div class='stack-trace' id='stack-trace336734710'><pre>java.lang.AssertionError: Input validation failed: Cannot invoke &quot;org.openqa.selenium.JavascriptExecutor.executeScript(String, Object[])&quot; because &quot;this.js&quot; is null
	at org.testng.Assert.fail(Assert.java:111)
	at com.edureka.test.SearchDataDrivenTest.testSearchInputValidation(SearchDataDrivenTest.java:250)
	at java.base/jdk.internal.reflect.DirectMethodHandleAccessor.invoke(DirectMethodHandleAccessor.java:104)
	at java.base/java.lang.reflect.Method.invoke(Method.java:565)
	at org.testng.internal.invokers.MethodInvocationHelper.invokeMethod(MethodInvocationHelper.java:141)
	at org.testng.internal.invokers.TestInvoker.invokeMethod(TestInvoker.java:687)
	at org.testng.internal.invokers.TestInvoker.invokeTestMethod(TestInvoker.java:230)
	at org.testng.internal.invokers.MethodRunner.runInSequence(MethodRunner.java:63)
	at org.testng.internal.invokers.TestInvoker$MethodInvocationAgent.invoke(TestInvoker.java:995)
	at org.testng.internal.invokers.TestInvoker.invokeTestMethods(TestInvoker.java:203)
	at org.testng.internal.invokers.TestMethodWorker.invokeTestMethods(TestMethodWorker.java:154)
	at org.testng.internal.invokers.TestMethodWorker.run(TestMethodWorker.java:134)
	at java.base/java.util.ArrayList.forEach(ArrayList.java:1604)
	at org.testng.TestRunner.privateRun(TestRunner.java:741)
	at org.testng.TestRunner.run(TestRunner.java:616)
	at org.testng.SuiteRunner.runTest(SuiteRunner.java:421)
	at org.testng.SuiteRunner.runSequentially(SuiteRunner.java:413)
	at org.testng.SuiteRunner.privateRun(SuiteRunner.java:373)
	at org.testng.SuiteRunner.run(SuiteRunner.java:312)
	at org.testng.SuiteRunnerWorker.runSuite(SuiteRunnerWorker.java:52)
	at org.testng.SuiteRunnerWorker.run(SuiteRunnerWorker.java:95)
	at org.testng.TestNG.runSuitesSequentially(TestNG.java:1274)
	at org.testng.TestNG.runSuitesLocally(TestNG.java:1208)
	at org.testng.TestNG.runSuites(TestNG.java:1112)
	at org.testng.TestNG.run(TestNG.java:1079)
	at org.testng.remote.AbstractRemoteTestNG.run(AbstractRemoteTestNG.java:115)
	at org.testng.remote.RemoteTestNG.initAndRun(RemoteTestNG.java:293)
	at org.testng.remote.RemoteTestNG.main(RemoteTestNG.java:91)
</pre></div></td>
<td>4</td>
<td>com.edureka.test.SearchDataDrivenTest@2d3379b4</td></tr>
<tr>
<td title='com.edureka.test.SearchDataDrivenTest.testSearchInputValidation()'><b>testSearchInputValidation</b><br>Test class: com.edureka.test.SearchDataDrivenTest<br>Test method: Validate search input field<br>Parameters: DevOps, 8, Yes, Technology search</td>
<td><div><pre>java.lang.AssertionError: Input validation failed: Cannot invoke &quot;org.openqa.selenium.JavascriptExecutor.executeScript(String, Object[])&quot; because &quot;this.js&quot; is null
	at com.edureka.test.SearchDataDrivenTest.testSearchInputValidation(SearchDataDrivenTest.java:250)
	at java.base/java.util.ArrayList.forEach(ArrayList.java:1604)
... Removed 26 stack frames</pre></div><a href='#' onClick='toggleBox("stack-trace1504475129", this, "Click to show all stack frames", "Click to hide stack frames")'>Click to show all stack frames</a>
<div class='stack-trace' id='stack-trace1504475129'><pre>java.lang.AssertionError: Input validation failed: Cannot invoke &quot;org.openqa.selenium.JavascriptExecutor.executeScript(String, Object[])&quot; because &quot;this.js&quot; is null
	at org.testng.Assert.fail(Assert.java:111)
	at com.edureka.test.SearchDataDrivenTest.testSearchInputValidation(SearchDataDrivenTest.java:250)
	at java.base/jdk.internal.reflect.DirectMethodHandleAccessor.invoke(DirectMethodHandleAccessor.java:104)
	at java.base/java.lang.reflect.Method.invoke(Method.java:565)
	at org.testng.internal.invokers.MethodInvocationHelper.invokeMethod(MethodInvocationHelper.java:141)
	at org.testng.internal.invokers.TestInvoker.invokeMethod(TestInvoker.java:687)
	at org.testng.internal.invokers.TestInvoker.invokeTestMethod(TestInvoker.java:230)
	at org.testng.internal.invokers.MethodRunner.runInSequence(MethodRunner.java:63)
	at org.testng.internal.invokers.TestInvoker$MethodInvocationAgent.invoke(TestInvoker.java:995)
	at org.testng.internal.invokers.TestInvoker.invokeTestMethods(TestInvoker.java:203)
	at org.testng.internal.invokers.TestMethodWorker.invokeTestMethods(TestMethodWorker.java:154)
	at org.testng.internal.invokers.TestMethodWorker.run(TestMethodWorker.java:134)
	at java.base/java.util.ArrayList.forEach(ArrayList.java:1604)
	at org.testng.TestRunner.privateRun(TestRunner.java:741)
	at org.testng.TestRunner.run(TestRunner.java:616)
	at org.testng.SuiteRunner.runTest(SuiteRunner.java:421)
	at org.testng.SuiteRunner.runSequentially(SuiteRunner.java:413)
	at org.testng.SuiteRunner.privateRun(SuiteRunner.java:373)
	at org.testng.SuiteRunner.run(SuiteRunner.java:312)
	at org.testng.SuiteRunnerWorker.runSuite(SuiteRunnerWorker.java:52)
	at org.testng.SuiteRunnerWorker.run(SuiteRunnerWorker.java:95)
	at org.testng.TestNG.runSuitesSequentially(TestNG.java:1274)
	at org.testng.TestNG.runSuitesLocally(TestNG.java:1208)
	at org.testng.TestNG.runSuites(TestNG.java:1112)
	at org.testng.TestNG.run(TestNG.java:1079)
	at org.testng.remote.AbstractRemoteTestNG.run(AbstractRemoteTestNG.java:115)
	at org.testng.remote.RemoteTestNG.initAndRun(RemoteTestNG.java:293)
	at org.testng.remote.RemoteTestNG.main(RemoteTestNG.java:91)
</pre></div></td>
<td>4</td>
<td>com.edureka.test.SearchDataDrivenTest@2d3379b4</td></tr>
<tr>
<td title='com.edureka.test.SearchDataDrivenTest.testSearchInputValidation()'><b>testSearchInputValidation</b><br>Test class: com.edureka.test.SearchDataDrivenTest<br>Test method: Validate search input field<br>Parameters: AWS, 12, Yes, Cloud platform search</td>
<td><div><pre>java.lang.AssertionError: Input validation failed: Cannot invoke &quot;org.openqa.selenium.JavascriptExecutor.executeScript(String, Object[])&quot; because &quot;this.js&quot; is null
	at com.edureka.test.SearchDataDrivenTest.testSearchInputValidation(SearchDataDrivenTest.java:250)
	at java.base/java.util.ArrayList.forEach(ArrayList.java:1604)
... Removed 26 stack frames</pre></div><a href='#' onClick='toggleBox("stack-trace1469899497", this, "Click to show all stack frames", "Click to hide stack frames")'>Click to show all stack frames</a>
<div class='stack-trace' id='stack-trace1469899497'><pre>java.lang.AssertionError: Input validation failed: Cannot invoke &quot;org.openqa.selenium.JavascriptExecutor.executeScript(String, Object[])&quot; because &quot;this.js&quot; is null
	at org.testng.Assert.fail(Assert.java:111)
	at com.edureka.test.SearchDataDrivenTest.testSearchInputValidation(SearchDataDrivenTest.java:250)
	at java.base/jdk.internal.reflect.DirectMethodHandleAccessor.invoke(DirectMethodHandleAccessor.java:104)
	at java.base/java.lang.reflect.Method.invoke(Method.java:565)
	at org.testng.internal.invokers.MethodInvocationHelper.invokeMethod(MethodInvocationHelper.java:141)
	at org.testng.internal.invokers.TestInvoker.invokeMethod(TestInvoker.java:687)
	at org.testng.internal.invokers.TestInvoker.invokeTestMethod(TestInvoker.java:230)
	at org.testng.internal.invokers.MethodRunner.runInSequence(MethodRunner.java:63)
	at org.testng.internal.invokers.TestInvoker$MethodInvocationAgent.invoke(TestInvoker.java:995)
	at org.testng.internal.invokers.TestInvoker.invokeTestMethods(TestInvoker.java:203)
	at org.testng.internal.invokers.TestMethodWorker.invokeTestMethods(TestMethodWorker.java:154)
	at org.testng.internal.invokers.TestMethodWorker.run(TestMethodWorker.java:134)
	at java.base/java.util.ArrayList.forEach(ArrayList.java:1604)
	at org.testng.TestRunner.privateRun(TestRunner.java:741)
	at org.testng.TestRunner.run(TestRunner.java:616)
	at org.testng.SuiteRunner.runTest(SuiteRunner.java:421)
	at org.testng.SuiteRunner.runSequentially(SuiteRunner.java:413)
	at org.testng.SuiteRunner.privateRun(SuiteRunner.java:373)
	at org.testng.SuiteRunner.run(SuiteRunner.java:312)
	at org.testng.SuiteRunnerWorker.runSuite(SuiteRunnerWorker.java:52)
	at org.testng.SuiteRunnerWorker.run(SuiteRunnerWorker.java:95)
	at org.testng.TestNG.runSuitesSequentially(TestNG.java:1274)
	at org.testng.TestNG.runSuitesLocally(TestNG.java:1208)
	at org.testng.TestNG.runSuites(TestNG.java:1112)
	at org.testng.TestNG.run(TestNG.java:1079)
	at org.testng.remote.AbstractRemoteTestNG.run(AbstractRemoteTestNG.java:115)
	at org.testng.remote.RemoteTestNG.initAndRun(RemoteTestNG.java:293)
	at org.testng.remote.RemoteTestNG.main(RemoteTestNG.java:91)
</pre></div></td>
<td>4</td>
<td>com.edureka.test.SearchDataDrivenTest@2d3379b4</td></tr>
<tr>
<td title='com.edureka.test.SearchDataDrivenTest.testSearchInputValidation()'><b>testSearchInputValidation</b><br>Test class: com.edureka.test.SearchDataDrivenTest<br>Test method: Validate search input field<br>Parameters: Java, 10, Yes, Valid search with results</td>
<td><div><pre>java.lang.AssertionError: Input validation failed: Cannot invoke &quot;org.openqa.selenium.JavascriptExecutor.executeScript(String, Object[])&quot; because &quot;this.js&quot; is null
	at com.edureka.test.SearchDataDrivenTest.testSearchInputValidation(SearchDataDrivenTest.java:250)
	at java.base/java.util.ArrayList.forEach(ArrayList.java:1604)
... Removed 26 stack frames</pre></div><a href='#' onClick='toggleBox("stack-trace2136906057", this, "Click to show all stack frames", "Click to hide stack frames")'>Click to show all stack frames</a>
<div class='stack-trace' id='stack-trace2136906057'><pre>java.lang.AssertionError: Input validation failed: Cannot invoke &quot;org.openqa.selenium.JavascriptExecutor.executeScript(String, Object[])&quot; because &quot;this.js&quot; is null
	at org.testng.Assert.fail(Assert.java:111)
	at com.edureka.test.SearchDataDrivenTest.testSearchInputValidation(SearchDataDrivenTest.java:250)
	at java.base/jdk.internal.reflect.DirectMethodHandleAccessor.invoke(DirectMethodHandleAccessor.java:104)
	at java.base/java.lang.reflect.Method.invoke(Method.java:565)
	at org.testng.internal.invokers.MethodInvocationHelper.invokeMethod(MethodInvocationHelper.java:141)
	at org.testng.internal.invokers.TestInvoker.invokeMethod(TestInvoker.java:687)
	at org.testng.internal.invokers.TestInvoker.invokeTestMethod(TestInvoker.java:230)
	at org.testng.internal.invokers.MethodRunner.runInSequence(MethodRunner.java:63)
	at org.testng.internal.invokers.TestInvoker$MethodInvocationAgent.invoke(TestInvoker.java:995)
	at org.testng.internal.invokers.TestInvoker.invokeTestMethods(TestInvoker.java:203)
	at org.testng.internal.invokers.TestMethodWorker.invokeTestMethods(TestMethodWorker.java:154)
	at org.testng.internal.invokers.TestMethodWorker.run(TestMethodWorker.java:134)
	at java.base/java.util.ArrayList.forEach(ArrayList.java:1604)
	at org.testng.TestRunner.privateRun(TestRunner.java:741)
	at org.testng.TestRunner.run(TestRunner.java:616)
	at org.testng.SuiteRunner.runTest(SuiteRunner.java:421)
	at org.testng.SuiteRunner.runSequentially(SuiteRunner.java:413)
	at org.testng.SuiteRunner.privateRun(SuiteRunner.java:373)
	at org.testng.SuiteRunner.run(SuiteRunner.java:312)
	at org.testng.SuiteRunnerWorker.runSuite(SuiteRunnerWorker.java:52)
	at org.testng.SuiteRunnerWorker.run(SuiteRunnerWorker.java:95)
	at org.testng.TestNG.runSuitesSequentially(TestNG.java:1274)
	at org.testng.TestNG.runSuitesLocally(TestNG.java:1208)
	at org.testng.TestNG.runSuites(TestNG.java:1112)
	at org.testng.TestNG.run(TestNG.java:1079)
	at org.testng.remote.AbstractRemoteTestNG.run(AbstractRemoteTestNG.java:115)
	at org.testng.remote.RemoteTestNG.initAndRun(RemoteTestNG.java:293)
	at org.testng.remote.RemoteTestNG.main(RemoteTestNG.java:91)
</pre></div></td>
<td>4</td>
<td>com.edureka.test.SearchDataDrivenTest@2d3379b4</td></tr>
<tr>
<td title='com.edureka.test.SearchDataDrivenTest.testSearchInputValidation()'><b>testSearchInputValidation</b><br>Test class: com.edureka.test.SearchDataDrivenTest<br>Test method: Validate search input field<br>Parameters: InvalidCourse123, 0, No, Invalid search term</td>
<td><div><pre>java.lang.AssertionError: Input validation failed: Cannot invoke &quot;org.openqa.selenium.JavascriptExecutor.executeScript(String, Object[])&quot; because &quot;this.js&quot; is null
	at com.edureka.test.SearchDataDrivenTest.testSearchInputValidation(SearchDataDrivenTest.java:250)
	at java.base/java.util.ArrayList.forEach(ArrayList.java:1604)
... Removed 26 stack frames</pre></div><a href='#' onClick='toggleBox("stack-trace517851685", this, "Click to show all stack frames", "Click to hide stack frames")'>Click to show all stack frames</a>
<div class='stack-trace' id='stack-trace517851685'><pre>java.lang.AssertionError: Input validation failed: Cannot invoke &quot;org.openqa.selenium.JavascriptExecutor.executeScript(String, Object[])&quot; because &quot;this.js&quot; is null
	at org.testng.Assert.fail(Assert.java:111)
	at com.edureka.test.SearchDataDrivenTest.testSearchInputValidation(SearchDataDrivenTest.java:250)
	at java.base/jdk.internal.reflect.DirectMethodHandleAccessor.invoke(DirectMethodHandleAccessor.java:104)
	at java.base/java.lang.reflect.Method.invoke(Method.java:565)
	at org.testng.internal.invokers.MethodInvocationHelper.invokeMethod(MethodInvocationHelper.java:141)
	at org.testng.internal.invokers.TestInvoker.invokeMethod(TestInvoker.java:687)
	at org.testng.internal.invokers.TestInvoker.invokeTestMethod(TestInvoker.java:230)
	at org.testng.internal.invokers.MethodRunner.runInSequence(MethodRunner.java:63)
	at org.testng.internal.invokers.TestInvoker$MethodInvocationAgent.invoke(TestInvoker.java:995)
	at org.testng.internal.invokers.TestInvoker.invokeTestMethods(TestInvoker.java:203)
	at org.testng.internal.invokers.TestMethodWorker.invokeTestMethods(TestMethodWorker.java:154)
	at org.testng.internal.invokers.TestMethodWorker.run(TestMethodWorker.java:134)
	at java.base/java.util.ArrayList.forEach(ArrayList.java:1604)
	at org.testng.TestRunner.privateRun(TestRunner.java:741)
	at org.testng.TestRunner.run(TestRunner.java:616)
	at org.testng.SuiteRunner.runTest(SuiteRunner.java:421)
	at org.testng.SuiteRunner.runSequentially(SuiteRunner.java:413)
	at org.testng.SuiteRunner.privateRun(SuiteRunner.java:373)
	at org.testng.SuiteRunner.run(SuiteRunner.java:312)
	at org.testng.SuiteRunnerWorker.runSuite(SuiteRunnerWorker.java:52)
	at org.testng.SuiteRunnerWorker.run(SuiteRunnerWorker.java:95)
	at org.testng.TestNG.runSuitesSequentially(TestNG.java:1274)
	at org.testng.TestNG.runSuitesLocally(TestNG.java:1208)
	at org.testng.TestNG.runSuites(TestNG.java:1112)
	at org.testng.TestNG.run(TestNG.java:1079)
	at org.testng.remote.AbstractRemoteTestNG.run(AbstractRemoteTestNG.java:115)
	at org.testng.remote.RemoteTestNG.initAndRun(RemoteTestNG.java:293)
	at org.testng.remote.RemoteTestNG.main(RemoteTestNG.java:91)
</pre></div></td>
<td>4</td>
<td>com.edureka.test.SearchDataDrivenTest@2d3379b4</td></tr>
</table><p>
<table width='100%' border='1' class='invocation-passed'>
<tr><td colspan='4' align='center'><b>PASSED TESTS</b></td></tr>
<tr><td><b>Test method</b></td>
<td><b>Attribute(s)</b></td>
<td width="30%"><b>Exception</b></td>
<td width="10%"><b>Time (seconds)</b></td>
<td><b>Instance</b></td>
</tr>
<tr>
<td title='com.edureka.test.SearchDataDrivenTest.testSearchFunctionality()'><b>testSearchFunctionality</b><br>Test class: com.edureka.test.SearchDataDrivenTest<br>Test method: Data-Driven Test: Search Functionality<br>Parameters: Java, 10, Yes, Valid search with results</td>
<td></td>
<td>16</td>
<td>com.edureka.test.SearchDataDrivenTest@2d3379b4</td></tr>
<tr>
<td title='com.edureka.test.SearchDataDrivenTest.testMultipleSearches()'><b>testMultipleSearches</b><br>Test class: com.edureka.test.SearchDataDrivenTest<br>Test method: Test multiple consecutive searches<br>Parameters: AWS, 12, Yes, Cloud platform search</td>
<td></td>
<td>25</td>
<td>com.edureka.test.SearchDataDrivenTest@2d3379b4</td></tr>
<tr>
<td title='com.edureka.test.SearchDataDrivenTest.testSearchFunctionality()'><b>testSearchFunctionality</b><br>Test class: com.edureka.test.SearchDataDrivenTest<br>Test method: Data-Driven Test: Search Functionality<br>Parameters: Python, 15, Yes, Popular course search</td>
<td></td>
<td>14</td>
<td>com.edureka.test.SearchDataDrivenTest@2d3379b4</td></tr>
<tr>
<td title='com.edureka.test.SearchDataDrivenTest.testSearchFunctionality()'><b>testSearchFunctionality</b><br>Test class: com.edureka.test.SearchDataDrivenTest<br>Test method: Data-Driven Test: Search Functionality<br>Parameters: InvalidCourse123, 0, No, Invalid search term</td>
<td></td>
<td>15</td>
<td>com.edureka.test.SearchDataDrivenTest@2d3379b4</td></tr>
<tr>
<td title='com.edureka.test.SearchDataDrivenTest.testMultipleSearches()'><b>testMultipleSearches</b><br>Test class: com.edureka.test.SearchDataDrivenTest<br>Test method: Test multiple consecutive searches<br>Parameters: Python, 15, Yes, Popular course search</td>
<td></td>
<td>18</td>
<td>com.edureka.test.SearchDataDrivenTest@2d3379b4</td></tr>
<tr>
<td title='com.edureka.test.SearchDataDrivenTest.testSearchFunctionality()'><b>testSearchFunctionality</b><br>Test class: com.edureka.test.SearchDataDrivenTest<br>Test method: Data-Driven Test: Search Functionality<br>Parameters: DevOps, 8, Yes, Technology search</td>
<td></td>
<td>15</td>
<td>com.edureka.test.SearchDataDrivenTest@2d3379b4</td></tr>
<tr>
<td title='com.edureka.test.SearchDataDrivenTest.testMultipleSearches()'><b>testMultipleSearches</b><br>Test class: com.edureka.test.SearchDataDrivenTest<br>Test method: Test multiple consecutive searches<br>Parameters: InvalidCourse123, 0, No, Invalid search term</td>
<td></td>
<td>50</td>
<td>com.edureka.test.SearchDataDrivenTest@2d3379b4</td></tr>
<tr>
<td title='com.edureka.test.SearchDataDrivenTest.testSearchFunctionality()'><b>testSearchFunctionality</b><br>Test class: com.edureka.test.SearchDataDrivenTest<br>Test method: Data-Driven Test: Search Functionality<br>Parameters: AWS, 12, Yes, Cloud platform search</td>
<td></td>
<td>14</td>
<td>com.edureka.test.SearchDataDrivenTest@2d3379b4</td></tr>
<tr>
<td title='com.edureka.test.SearchDataDrivenTest.testMultipleSearches()'><b>testMultipleSearches</b><br>Test class: com.edureka.test.SearchDataDrivenTest<br>Test method: Test multiple consecutive searches<br>Parameters: DevOps, 8, Yes, Technology search</td>
<td></td>
<td>19</td>
<td>com.edureka.test.SearchDataDrivenTest@2d3379b4</td></tr>
<tr>
<td title='com.edureka.test.SearchDataDrivenTest.testSearchFunctionality()'><b>testSearchFunctionality</b><br>Test class: com.edureka.test.SearchDataDrivenTest<br>Test method: Data-Driven Test: Search Functionality<br>Parameters: Machine Learning, 10, Yes, Multi-word search</td>
<td></td>
<td>14</td>
<td>com.edureka.test.SearchDataDrivenTest@2d3379b4</td></tr>
<tr>
<td title='com.edureka.test.SearchDataDrivenTest.testMultipleSearches()'><b>testMultipleSearches</b><br>Test class: com.edureka.test.SearchDataDrivenTest<br>Test method: Test multiple consecutive searches<br>Parameters: Java, 10, Yes, Valid search with results</td>
<td></td>
<td>18</td>
<td>com.edureka.test.SearchDataDrivenTest@2d3379b4</td></tr>
</table><p>
</body>
</html>