<?xml version="1.0" encoding="UTF-8"?>
<!-- Generated by org.testng.reporters.JUnitXMLReporter -->
<testsuite ignored="0" hostname="LIN-5CD532CCPB" failures="8" tests="18" name="Search Data-Driven Tests" time="276.098" errors="0" timestamp="2025-11-04T09:42:43 IST">
  <testcase classname="com.edureka.test.SearchDataDrivenTest" name="testSearchFunctionality" time="24.609"/>
  <testcase classname="com.edureka.test.SearchDataDrivenTest" name="testSearchFunctionality" time="18.329"/>
  <testcase classname="com.edureka.test.SearchDataDrivenTest" name="testSearchFunctionality" time="18.942"/>
  <testcase classname="com.edureka.test.SearchDataDrivenTest" name="testSearchFunctionality" time="18.287"/>
  <testcase classname="com.edureka.test.SearchDataDrivenTest" name="testSearchFunctionality" time="22.685"/>
  <testcase classname="com.edureka.test.SearchDataDrivenTest" name="testSearchFunctionality" time="18.187"/>
  <testcase classname="com.edureka.test.SearchDataDrivenTest" name="testMultipleSearches" time="22.459"/>
  <testcase classname="com.edureka.test.SearchDataDrivenTest" name="testMultipleSearches" time="24.667"/>
  <testcase classname="com.edureka.test.SearchDataDrivenTest" name="testMultipleSearches" time="22.465"/>
  <testcase classname="com.edureka.test.SearchDataDrivenTest" name="testMultipleSearches" time="22.378"/>
  <testcase classname="com.edureka.test.SearchDataDrivenTest" name="testMultipleSearches" time="5.758">
    <failure type="java.lang.AssertionError" message="Test failed: Cannot invoke &amp;quot;org.openqa.selenium.JavascriptExecutor.executeScript(String, Object[])&amp;quot; because &amp;quot;this.js&amp;quot; is null">
      <![CDATA[java.lang.AssertionError: Test failed: Cannot invoke "org.openqa.selenium.JavascriptExecutor.executeScript(String, Object[])" because "this.js" is null
at com.edureka.test.SearchDataDrivenTest.testMultipleSearches(SearchDataDrivenTest.java:203)
at java.base/java.util.ArrayList.forEach(ArrayList.java:1596)
... Removed 26 stack frames]]>
    </failure>
  </testcase> <!-- testMultipleSearches -->
  <testcase classname="com.edureka.test.SearchDataDrivenTest" name="testMultipleSearches" time="5.546">
    <failure type="java.lang.AssertionError" message="Test failed: Cannot invoke &amp;quot;org.openqa.selenium.JavascriptExecutor.executeScript(String, Object[])&amp;quot; because &amp;quot;this.js&amp;quot; is null">
      <![CDATA[java.lang.AssertionError: Test failed: Cannot invoke "org.openqa.selenium.JavascriptExecutor.executeScript(String, Object[])" because "this.js" is null
at com.edureka.test.SearchDataDrivenTest.testMultipleSearches(SearchDataDrivenTest.java:203)
at java.base/java.util.ArrayList.forEach(ArrayList.java:1596)
... Removed 26 stack frames]]>
    </failure>
  </testcase> <!-- testMultipleSearches -->
  <testcase classname="com.edureka.test.SearchDataDrivenTest" name="testSearchInputValidation" time="5.426">
    <failure type="java.lang.AssertionError" message="Input validation failed: Cannot invoke &amp;quot;org.openqa.selenium.JavascriptExecutor.executeScript(String, Object[])&amp;quot; because &amp;quot;this.js&amp;quot; is null">
      <![CDATA[java.lang.AssertionError: Input validation failed: Cannot invoke "org.openqa.selenium.JavascriptExecutor.executeScript(String, Object[])" because "this.js" is null
at com.edureka.test.SearchDataDrivenTest.testSearchInputValidation(SearchDataDrivenTest.java:250)
at java.base/java.util.ArrayList.forEach(ArrayList.java:1596)
... Removed 26 stack frames]]>
    </failure>
  </testcase> <!-- testSearchInputValidation -->
  <testcase classname="com.edureka.test.SearchDataDrivenTest" name="testSearchInputValidation" time="5.528">
    <failure type="java.lang.AssertionError" message="Input validation failed: Cannot invoke &amp;quot;org.openqa.selenium.JavascriptExecutor.executeScript(String, Object[])&amp;quot; because &amp;quot;this.js&amp;quot; is null">
      <![CDATA[java.lang.AssertionError: Input validation failed: Cannot invoke "org.openqa.selenium.JavascriptExecutor.executeScript(String, Object[])" because "this.js" is null
at com.edureka.test.SearchDataDrivenTest.testSearchInputValidation(SearchDataDrivenTest.java:250)
at java.base/java.util.ArrayList.forEach(ArrayList.java:1596)
... Removed 26 stack frames]]>
    </failure>
  </testcase> <!-- testSearchInputValidation -->
  <testcase classname="com.edureka.test.SearchDataDrivenTest" name="testSearchInputValidation" time="5.227">
    <failure type="java.lang.AssertionError" message="Input validation failed: Cannot invoke &amp;quot;org.openqa.selenium.JavascriptExecutor.executeScript(String, Object[])&amp;quot; because &amp;quot;this.js&amp;quot; is null">
      <![CDATA[java.lang.AssertionError: Input validation failed: Cannot invoke "org.openqa.selenium.JavascriptExecutor.executeScript(String, Object[])" because "this.js" is null
at com.edureka.test.SearchDataDrivenTest.testSearchInputValidation(SearchDataDrivenTest.java:250)
at java.base/java.util.ArrayList.forEach(ArrayList.java:1596)
... Removed 26 stack frames]]>
    </failure>
  </testcase> <!-- testSearchInputValidation -->
  <testcase classname="com.edureka.test.SearchDataDrivenTest" name="testSearchInputValidation" time="5.396">
    <failure type="java.lang.AssertionError" message="Input validation failed: Cannot invoke &amp;quot;org.openqa.selenium.JavascriptExecutor.executeScript(String, Object[])&amp;quot; because &amp;quot;this.js&amp;quot; is null">
      <![CDATA[java.lang.AssertionError: Input validation failed: Cannot invoke "org.openqa.selenium.JavascriptExecutor.executeScript(String, Object[])" because "this.js" is null
at com.edureka.test.SearchDataDrivenTest.testSearchInputValidation(SearchDataDrivenTest.java:250)
at java.base/java.util.ArrayList.forEach(ArrayList.java:1596)
... Removed 26 stack frames]]>
    </failure>
  </testcase> <!-- testSearchInputValidation -->
  <testcase classname="com.edureka.test.SearchDataDrivenTest" name="testSearchInputValidation" time="5.648">
    <failure type="java.lang.AssertionError" message="Input validation failed: Cannot invoke &amp;quot;org.openqa.selenium.JavascriptExecutor.executeScript(String, Object[])&amp;quot; because &amp;quot;this.js&amp;quot; is null">
      <![CDATA[java.lang.AssertionError: Input validation failed: Cannot invoke "org.openqa.selenium.JavascriptExecutor.executeScript(String, Object[])" because "this.js" is null
at com.edureka.test.SearchDataDrivenTest.testSearchInputValidation(SearchDataDrivenTest.java:250)
at java.base/java.util.ArrayList.forEach(ArrayList.java:1596)
... Removed 26 stack frames]]>
    </failure>
  </testcase> <!-- testSearchInputValidation -->
  <testcase classname="com.edureka.test.SearchDataDrivenTest" name="testSearchInputValidation" time="5.444">
    <failure type="java.lang.AssertionError" message="Input validation failed: Cannot invoke &amp;quot;org.openqa.selenium.JavascriptExecutor.executeScript(String, Object[])&amp;quot; because &amp;quot;this.js&amp;quot; is null">
      <![CDATA[java.lang.AssertionError: Input validation failed: Cannot invoke "org.openqa.selenium.JavascriptExecutor.executeScript(String, Object[])" because "this.js" is null
at com.edureka.test.SearchDataDrivenTest.testSearchInputValidation(SearchDataDrivenTest.java:250)
at java.base/java.util.ArrayList.forEach(ArrayList.java:1596)
... Removed 26 stack frames]]>
    </failure>
  </testcase> <!-- testSearchInputValidation -->
</testsuite> <!-- Search Data-Driven Tests -->
