<?xml version="1.0" encoding="UTF-8"?>
<!-- Generated by org.testng.reporters.JUnitXMLReporter -->
<testsuite ignored="0" hostname="Zane" failures="7" tests="18" name="Search Data-Driven Tests" time="263.151" errors="0" timestamp="2025-11-03T23:12:06 IST">
  <testcase classname="com.edureka.test.SearchDataDrivenTest" name="testSearchFunctionality" time="16.071"/>
  <testcase classname="com.edureka.test.SearchDataDrivenTest" name="testSearchFunctionality" time="14.702"/>
  <testcase classname="com.edureka.test.SearchDataDrivenTest" name="testSearchFunctionality" time="15.891"/>
  <testcase classname="com.edureka.test.SearchDataDrivenTest" name="testSearchFunctionality" time="15.05"/>
  <testcase classname="com.edureka.test.SearchDataDrivenTest" name="testSearchFunctionality" time="14.905"/>
  <testcase classname="com.edureka.test.SearchDataDrivenTest" name="testSearchFunctionality" time="14.382"/>
  <testcase classname="com.edureka.test.SearchDataDrivenTest" name="testMultipleSearches" time="18.66"/>
  <testcase classname="com.edureka.test.SearchDataDrivenTest" name="testMultipleSearches" time="18.977"/>
  <testcase classname="com.edureka.test.SearchDataDrivenTest" name="testMultipleSearches" time="19.071"/>
  <testcase classname="com.edureka.test.SearchDataDrivenTest" name="testMultipleSearches" time="50.691"/>
  <testcase classname="com.edureka.test.SearchDataDrivenTest" name="testMultipleSearches" time="25.984"/>
  <testcase classname="com.edureka.test.SearchDataDrivenTest" name="testMultipleSearches" time="4.816">
    <failure type="java.lang.AssertionError" message="Test failed: Cannot invoke &amp;quot;org.openqa.selenium.JavascriptExecutor.executeScript(String, Object[])&amp;quot; because &amp;quot;this.js&amp;quot; is null">
      <![CDATA[java.lang.AssertionError: Test failed: Cannot invoke "org.openqa.selenium.JavascriptExecutor.executeScript(String, Object[])" because "this.js" is null
at com.edureka.test.SearchDataDrivenTest.testMultipleSearches(SearchDataDrivenTest.java:203)
at java.base/java.util.ArrayList.forEach(ArrayList.java:1604)
... Removed 26 stack frames]]>
    </failure>
  </testcase> <!-- testMultipleSearches -->
  <testcase classname="com.edureka.test.SearchDataDrivenTest" name="testSearchInputValidation" time="4.763">
    <failure type="java.lang.AssertionError" message="Input validation failed: Cannot invoke &amp;quot;org.openqa.selenium.JavascriptExecutor.executeScript(String, Object[])&amp;quot; because &amp;quot;this.js&amp;quot; is null">
      <![CDATA[java.lang.AssertionError: Input validation failed: Cannot invoke "org.openqa.selenium.JavascriptExecutor.executeScript(String, Object[])" because "this.js" is null
at com.edureka.test.SearchDataDrivenTest.testSearchInputValidation(SearchDataDrivenTest.java:250)
at java.base/java.util.ArrayList.forEach(ArrayList.java:1604)
... Removed 26 stack frames]]>
    </failure>
  </testcase> <!-- testSearchInputValidation -->
  <testcase classname="com.edureka.test.SearchDataDrivenTest" name="testSearchInputValidation" time="4.699">
    <failure type="java.lang.AssertionError" message="Input validation failed: Cannot invoke &amp;quot;org.openqa.selenium.JavascriptExecutor.executeScript(String, Object[])&amp;quot; because &amp;quot;this.js&amp;quot; is null">
      <![CDATA[java.lang.AssertionError: Input validation failed: Cannot invoke "org.openqa.selenium.JavascriptExecutor.executeScript(String, Object[])" because "this.js" is null
at com.edureka.test.SearchDataDrivenTest.testSearchInputValidation(SearchDataDrivenTest.java:250)
at java.base/java.util.ArrayList.forEach(ArrayList.java:1604)
... Removed 26 stack frames]]>
    </failure>
  </testcase> <!-- testSearchInputValidation -->
  <testcase classname="com.edureka.test.SearchDataDrivenTest" name="testSearchInputValidation" time="4.958">
    <failure type="java.lang.AssertionError" message="Input validation failed: Cannot invoke &amp;quot;org.openqa.selenium.JavascriptExecutor.executeScript(String, Object[])&amp;quot; because &amp;quot;this.js&amp;quot; is null">
      <![CDATA[java.lang.AssertionError: Input validation failed: Cannot invoke "org.openqa.selenium.JavascriptExecutor.executeScript(String, Object[])" because "this.js" is null
at com.edureka.test.SearchDataDrivenTest.testSearchInputValidation(SearchDataDrivenTest.java:250)
at java.base/java.util.ArrayList.forEach(ArrayList.java:1604)
... Removed 26 stack frames]]>
    </failure>
  </testcase> <!-- testSearchInputValidation -->
  <testcase classname="com.edureka.test.SearchDataDrivenTest" name="testSearchInputValidation" time="4.794">
    <failure type="java.lang.AssertionError" message="Input validation failed: Cannot invoke &amp;quot;org.openqa.selenium.JavascriptExecutor.executeScript(String, Object[])&amp;quot; because &amp;quot;this.js&amp;quot; is null">
      <![CDATA[java.lang.AssertionError: Input validation failed: Cannot invoke "org.openqa.selenium.JavascriptExecutor.executeScript(String, Object[])" because "this.js" is null
at com.edureka.test.SearchDataDrivenTest.testSearchInputValidation(SearchDataDrivenTest.java:250)
at java.base/java.util.ArrayList.forEach(ArrayList.java:1604)
... Removed 26 stack frames]]>
    </failure>
  </testcase> <!-- testSearchInputValidation -->
  <testcase classname="com.edureka.test.SearchDataDrivenTest" name="testSearchInputValidation" time="4.78">
    <failure type="java.lang.AssertionError" message="Input validation failed: Cannot invoke &amp;quot;org.openqa.selenium.JavascriptExecutor.executeScript(String, Object[])&amp;quot; because &amp;quot;this.js&amp;quot; is null">
      <![CDATA[java.lang.AssertionError: Input validation failed: Cannot invoke "org.openqa.selenium.JavascriptExecutor.executeScript(String, Object[])" because "this.js" is null
at com.edureka.test.SearchDataDrivenTest.testSearchInputValidation(SearchDataDrivenTest.java:250)
at java.base/java.util.ArrayList.forEach(ArrayList.java:1604)
... Removed 26 stack frames]]>
    </failure>
  </testcase> <!-- testSearchInputValidation -->
  <testcase classname="com.edureka.test.SearchDataDrivenTest" name="testSearchInputValidation" time="4.768">
    <failure type="java.lang.AssertionError" message="Input validation failed: Cannot invoke &amp;quot;org.openqa.selenium.JavascriptExecutor.executeScript(String, Object[])&amp;quot; because &amp;quot;this.js&amp;quot; is null">
      <![CDATA[java.lang.AssertionError: Input validation failed: Cannot invoke "org.openqa.selenium.JavascriptExecutor.executeScript(String, Object[])" because "this.js" is null
at com.edureka.test.SearchDataDrivenTest.testSearchInputValidation(SearchDataDrivenTest.java:250)
at java.base/java.util.ArrayList.forEach(ArrayList.java:1604)
... Removed 26 stack frames]]>
    </failure>
  </testcase> <!-- testSearchInputValidation -->
</testsuite> <!-- Search Data-Driven Tests -->
