<?xml version="1.0" encoding="UTF-8"?>
<!-- Generated by org.testng.reporters.JUnitXMLReporter -->
<testsuite ignored="0" hostname="LIN-5CD532CCPB" failures="8" tests="12" name="Webinar Data-Driven Tests" time="308.726" errors="0" timestamp="2025-11-04T09:35:45 IST">
  <testcase classname="com.edureka.test.WebinarDataDrivenTest" name="testWebinarSearchAndRegistration" time="52.938">
    <failure type="java.lang.AssertionError" message="Test failed for webinar: Agentic AI | Error: element not interactable
  (Session info: chrome=141.0.7390.123)
Build info: version: &amp;apos;4.36.0&amp;apos;, revision: &amp;apos;6d115cfd87&amp;apos;
System info: os.name: &amp;apos;Windows 11&amp;apos;, os.arch: &amp;apos;amd64&amp;apos;, os.version: &amp;apos;10.0&amp;apos;, java.version: &amp;apos;21.0.4&amp;apos;
Driver info: org.openqa.selenium.chrome.ChromeDriver
Command: [08aeeedc317543604f6c578552a2e096, clickElement {id=f.CB282F03712BCC57333435431BBE4391.d.D93D92E84590B3D57C01E84914BC45B4.e.457}]
Capabilities {acceptInsecureCerts: false, browserName: chrome, browserVersion: 141.0.7390.123, chrome: {chromedriverVersion: 141.0.7390.122 (b477534e7e1..., userDataDir: C:\Users\zvijayfa\AppData\L...}, fedcm:accounts: true, goog:chromeOptions: {debuggerAddress: localhost:59236}, networkConnectionEnabled: false, pageLoadStrategy: normal, platformName: windows, proxy: Proxy(), se:cdp: ws://localhost:59236/devtoo..., se:cdpVersion: 141.0.7390.123, setWindowRect: true, strictFileInteractability: false, timeouts: {implicit: 0, pageLoad: 300000, script: 30000}, unhandledPromptBehavior: dismiss and notify, webauthn:extension:credBlob: true, webauthn:extension:largeBlob: true, webauthn:extension:minPinLength: true, webauthn:extension:prf: true, webauthn:virtualAuthenticators: true}
Element: [[ChromeDriver: chrome on windows (08aeeedc317543604f6c578552a2e096)] -&amp;gt; class name: register_webinar_upcoming]
Session ID: 08aeeedc317543604f6c578552a2e096">
      <![CDATA[java.lang.AssertionError: Test failed for webinar: Agentic AI | Error: element not interactable
  (Session info: chrome=141.0.7390.123)
Build info: version: '4.36.0', revision: '6d115cfd87'
System info: os.name: 'Windows 11', os.arch: 'amd64', os.version: '10.0', java.version: '21.0.4'
Driver info: org.openqa.selenium.chrome.ChromeDriver
Command: [08aeeedc317543604f6c578552a2e096, clickElement {id=f.CB282F03712BCC57333435431BBE4391.d.D93D92E84590B3D57C01E84914BC45B4.e.457}]
Capabilities {acceptInsecureCerts: false, browserName: chrome, browserVersion: 141.0.7390.123, chrome: {chromedriverVersion: 141.0.7390.122 (b477534e7e1..., userDataDir: C:\Users\zvijayfa\AppData\L...}, fedcm:accounts: true, goog:chromeOptions: {debuggerAddress: localhost:59236}, networkConnectionEnabled: false, pageLoadStrategy: normal, platformName: windows, proxy: Proxy(), se:cdp: ws://localhost:59236/devtoo..., se:cdpVersion: 141.0.7390.123, setWindowRect: true, strictFileInteractability: false, timeouts: {implicit: 0, pageLoad: 300000, script: 30000}, unhandledPromptBehavior: dismiss and notify, webauthn:extension:credBlob: true, webauthn:extension:largeBlob: true, webauthn:extension:minPinLength: true, webauthn:extension:prf: true, webauthn:virtualAuthenticators: true}
Element: [[ChromeDriver: chrome on windows (08aeeedc317543604f6c578552a2e096)] -> class name: register_webinar_upcoming]
Session ID: 08aeeedc317543604f6c578552a2e096
at com.edureka.test.WebinarDataDrivenTest.testWebinarSearchAndRegistration(WebinarDataDrivenTest.java:239)
at java.base/java.util.ArrayList.forEach(ArrayList.java:1596)
... Removed 26 stack frames]]>
    </failure>
  </testcase> <!-- testWebinarSearchAndRegistration -->
  <testcase classname="com.edureka.test.WebinarDataDrivenTest" name="testWebinarSearchAndRegistration" time="27.219">
    <failure type="java.lang.AssertionError" message="Test failed for webinar: Cyber Security | Error: element not interactable
  (Session info: chrome=141.0.7390.123)
Build info: version: &amp;apos;4.36.0&amp;apos;, revision: &amp;apos;6d115cfd87&amp;apos;
System info: os.name: &amp;apos;Windows 11&amp;apos;, os.arch: &amp;apos;amd64&amp;apos;, os.version: &amp;apos;10.0&amp;apos;, java.version: &amp;apos;21.0.4&amp;apos;
Driver info: org.openqa.selenium.chrome.ChromeDriver
Command: [08aeeedc317543604f6c578552a2e096, clickElement {id=f.CB282F03712BCC57333435431BBE4391.d.6AA9C97A9D8AFB072C420E82DA7352C4.e.844}]
Capabilities {acceptInsecureCerts: false, browserName: chrome, browserVersion: 141.0.7390.123, chrome: {chromedriverVersion: 141.0.7390.122 (b477534e7e1..., userDataDir: C:\Users\zvijayfa\AppData\L...}, fedcm:accounts: true, goog:chromeOptions: {debuggerAddress: localhost:59236}, networkConnectionEnabled: false, pageLoadStrategy: normal, platformName: windows, proxy: Proxy(), se:cdp: ws://localhost:59236/devtoo..., se:cdpVersion: 141.0.7390.123, setWindowRect: true, strictFileInteractability: false, timeouts: {implicit: 0, pageLoad: 300000, script: 30000}, unhandledPromptBehavior: dismiss and notify, webauthn:extension:credBlob: true, webauthn:extension:largeBlob: true, webauthn:extension:minPinLength: true, webauthn:extension:prf: true, webauthn:virtualAuthenticators: true}
Element: [[ChromeDriver: chrome on windows (08aeeedc317543604f6c578552a2e096)] -&amp;gt; class name: register_webinar_upcoming]
Session ID: 08aeeedc317543604f6c578552a2e096">
      <![CDATA[java.lang.AssertionError: Test failed for webinar: Cyber Security | Error: element not interactable
  (Session info: chrome=141.0.7390.123)
Build info: version: '4.36.0', revision: '6d115cfd87'
System info: os.name: 'Windows 11', os.arch: 'amd64', os.version: '10.0', java.version: '21.0.4'
Driver info: org.openqa.selenium.chrome.ChromeDriver
Command: [08aeeedc317543604f6c578552a2e096, clickElement {id=f.CB282F03712BCC57333435431BBE4391.d.6AA9C97A9D8AFB072C420E82DA7352C4.e.844}]
Capabilities {acceptInsecureCerts: false, browserName: chrome, browserVersion: 141.0.7390.123, chrome: {chromedriverVersion: 141.0.7390.122 (b477534e7e1..., userDataDir: C:\Users\zvijayfa\AppData\L...}, fedcm:accounts: true, goog:chromeOptions: {debuggerAddress: localhost:59236}, networkConnectionEnabled: false, pageLoadStrategy: normal, platformName: windows, proxy: Proxy(), se:cdp: ws://localhost:59236/devtoo..., se:cdpVersion: 141.0.7390.123, setWindowRect: true, strictFileInteractability: false, timeouts: {implicit: 0, pageLoad: 300000, script: 30000}, unhandledPromptBehavior: dismiss and notify, webauthn:extension:credBlob: true, webauthn:extension:largeBlob: true, webauthn:extension:minPinLength: true, webauthn:extension:prf: true, webauthn:virtualAuthenticators: true}
Element: [[ChromeDriver: chrome on windows (08aeeedc317543604f6c578552a2e096)] -> class name: register_webinar_upcoming]
Session ID: 08aeeedc317543604f6c578552a2e096
at com.edureka.test.WebinarDataDrivenTest.testWebinarSearchAndRegistration(WebinarDataDrivenTest.java:239)
at java.base/java.util.ArrayList.forEach(ArrayList.java:1596)
... Removed 26 stack frames]]>
    </failure>
  </testcase> <!-- testWebinarSearchAndRegistration -->
  <testcase classname="com.edureka.test.WebinarDataDrivenTest" name="testWebinarSearchAndRegistration" time="26.954">
    <failure type="java.lang.AssertionError" message="Test failed for webinar: Machine Learning | Error: element not interactable
  (Session info: chrome=141.0.7390.123)
Build info: version: &amp;apos;4.36.0&amp;apos;, revision: &amp;apos;6d115cfd87&amp;apos;
System info: os.name: &amp;apos;Windows 11&amp;apos;, os.arch: &amp;apos;amd64&amp;apos;, os.version: &amp;apos;10.0&amp;apos;, java.version: &amp;apos;21.0.4&amp;apos;
Driver info: org.openqa.selenium.chrome.ChromeDriver
Command: [08aeeedc317543604f6c578552a2e096, clickElement {id=f.CB282F03712BCC57333435431BBE4391.d.FD4CB7D258D8C8F6E0A252895415EA22.e.1254}]
Capabilities {acceptInsecureCerts: false, browserName: chrome, browserVersion: 141.0.7390.123, chrome: {chromedriverVersion: 141.0.7390.122 (b477534e7e1..., userDataDir: C:\Users\zvijayfa\AppData\L...}, fedcm:accounts: true, goog:chromeOptions: {debuggerAddress: localhost:59236}, networkConnectionEnabled: false, pageLoadStrategy: normal, platformName: windows, proxy: Proxy(), se:cdp: ws://localhost:59236/devtoo..., se:cdpVersion: 141.0.7390.123, setWindowRect: true, strictFileInteractability: false, timeouts: {implicit: 0, pageLoad: 300000, script: 30000}, unhandledPromptBehavior: dismiss and notify, webauthn:extension:credBlob: true, webauthn:extension:largeBlob: true, webauthn:extension:minPinLength: true, webauthn:extension:prf: true, webauthn:virtualAuthenticators: true}
Element: [[ChromeDriver: chrome on windows (08aeeedc317543604f6c578552a2e096)] -&amp;gt; class name: register_webinar_upcoming]
Session ID: 08aeeedc317543604f6c578552a2e096">
      <![CDATA[java.lang.AssertionError: Test failed for webinar: Machine Learning | Error: element not interactable
  (Session info: chrome=141.0.7390.123)
Build info: version: '4.36.0', revision: '6d115cfd87'
System info: os.name: 'Windows 11', os.arch: 'amd64', os.version: '10.0', java.version: '21.0.4'
Driver info: org.openqa.selenium.chrome.ChromeDriver
Command: [08aeeedc317543604f6c578552a2e096, clickElement {id=f.CB282F03712BCC57333435431BBE4391.d.FD4CB7D258D8C8F6E0A252895415EA22.e.1254}]
Capabilities {acceptInsecureCerts: false, browserName: chrome, browserVersion: 141.0.7390.123, chrome: {chromedriverVersion: 141.0.7390.122 (b477534e7e1..., userDataDir: C:\Users\zvijayfa\AppData\L...}, fedcm:accounts: true, goog:chromeOptions: {debuggerAddress: localhost:59236}, networkConnectionEnabled: false, pageLoadStrategy: normal, platformName: windows, proxy: Proxy(), se:cdp: ws://localhost:59236/devtoo..., se:cdpVersion: 141.0.7390.123, setWindowRect: true, strictFileInteractability: false, timeouts: {implicit: 0, pageLoad: 300000, script: 30000}, unhandledPromptBehavior: dismiss and notify, webauthn:extension:credBlob: true, webauthn:extension:largeBlob: true, webauthn:extension:minPinLength: true, webauthn:extension:prf: true, webauthn:virtualAuthenticators: true}
Element: [[ChromeDriver: chrome on windows (08aeeedc317543604f6c578552a2e096)] -> class name: register_webinar_upcoming]
Session ID: 08aeeedc317543604f6c578552a2e096
at com.edureka.test.WebinarDataDrivenTest.testWebinarSearchAndRegistration(WebinarDataDrivenTest.java:239)
at java.base/java.util.ArrayList.forEach(ArrayList.java:1596)
... Removed 26 stack frames]]>
    </failure>
  </testcase> <!-- testWebinarSearchAndRegistration -->
  <testcase classname="com.edureka.test.WebinarDataDrivenTest" name="testWebinarSearchAndRegistration" time="33.387">
    <failure type="java.lang.AssertionError" message="Test failed for webinar: Data Science | Error: element not interactable
  (Session info: chrome=141.0.7390.123)
Build info: version: &amp;apos;4.36.0&amp;apos;, revision: &amp;apos;6d115cfd87&amp;apos;
System info: os.name: &amp;apos;Windows 11&amp;apos;, os.arch: &amp;apos;amd64&amp;apos;, os.version: &amp;apos;10.0&amp;apos;, java.version: &amp;apos;21.0.4&amp;apos;
Driver info: org.openqa.selenium.chrome.ChromeDriver
Command: [08aeeedc317543604f6c578552a2e096, clickElement {id=f.CB282F03712BCC57333435431BBE4391.d.49C4D0CCF511159BAA22319171098B7E.e.1566}]
Capabilities {acceptInsecureCerts: false, browserName: chrome, browserVersion: 141.0.7390.123, chrome: {chromedriverVersion: 141.0.7390.122 (b477534e7e1..., userDataDir: C:\Users\zvijayfa\AppData\L...}, fedcm:accounts: true, goog:chromeOptions: {debuggerAddress: localhost:59236}, networkConnectionEnabled: false, pageLoadStrategy: normal, platformName: windows, proxy: Proxy(), se:cdp: ws://localhost:59236/devtoo..., se:cdpVersion: 141.0.7390.123, setWindowRect: true, strictFileInteractability: false, timeouts: {implicit: 0, pageLoad: 300000, script: 30000}, unhandledPromptBehavior: dismiss and notify, webauthn:extension:credBlob: true, webauthn:extension:largeBlob: true, webauthn:extension:minPinLength: true, webauthn:extension:prf: true, webauthn:virtualAuthenticators: true}
Element: [[ChromeDriver: chrome on windows (08aeeedc317543604f6c578552a2e096)] -&amp;gt; class name: register_webinar_upcoming]
Session ID: 08aeeedc317543604f6c578552a2e096">
      <![CDATA[java.lang.AssertionError: Test failed for webinar: Data Science | Error: element not interactable
  (Session info: chrome=141.0.7390.123)
Build info: version: '4.36.0', revision: '6d115cfd87'
System info: os.name: 'Windows 11', os.arch: 'amd64', os.version: '10.0', java.version: '21.0.4'
Driver info: org.openqa.selenium.chrome.ChromeDriver
Command: [08aeeedc317543604f6c578552a2e096, clickElement {id=f.CB282F03712BCC57333435431BBE4391.d.49C4D0CCF511159BAA22319171098B7E.e.1566}]
Capabilities {acceptInsecureCerts: false, browserName: chrome, browserVersion: 141.0.7390.123, chrome: {chromedriverVersion: 141.0.7390.122 (b477534e7e1..., userDataDir: C:\Users\zvijayfa\AppData\L...}, fedcm:accounts: true, goog:chromeOptions: {debuggerAddress: localhost:59236}, networkConnectionEnabled: false, pageLoadStrategy: normal, platformName: windows, proxy: Proxy(), se:cdp: ws://localhost:59236/devtoo..., se:cdpVersion: 141.0.7390.123, setWindowRect: true, strictFileInteractability: false, timeouts: {implicit: 0, pageLoad: 300000, script: 30000}, unhandledPromptBehavior: dismiss and notify, webauthn:extension:credBlob: true, webauthn:extension:largeBlob: true, webauthn:extension:minPinLength: true, webauthn:extension:prf: true, webauthn:virtualAuthenticators: true}
Element: [[ChromeDriver: chrome on windows (08aeeedc317543604f6c578552a2e096)] -> class name: register_webinar_upcoming]
Session ID: 08aeeedc317543604f6c578552a2e096
at com.edureka.test.WebinarDataDrivenTest.testWebinarSearchAndRegistration(WebinarDataDrivenTest.java:239)
at java.base/java.util.ArrayList.forEach(ArrayList.java:1596)
... Removed 26 stack frames]]>
    </failure>
  </testcase> <!-- testWebinarSearchAndRegistration -->
  <testcase classname="com.edureka.test.WebinarDataDrivenTest" name="testWebinarSearchAndRegistration" time="26.581">
    <failure type="java.lang.AssertionError" message="Test failed for webinar: Cloud Computing | Error: element not interactable
  (Session info: chrome=141.0.7390.123)
Build info: version: &amp;apos;4.36.0&amp;apos;, revision: &amp;apos;6d115cfd87&amp;apos;
System info: os.name: &amp;apos;Windows 11&amp;apos;, os.arch: &amp;apos;amd64&amp;apos;, os.version: &amp;apos;10.0&amp;apos;, java.version: &amp;apos;21.0.4&amp;apos;
Driver info: org.openqa.selenium.chrome.ChromeDriver
Command: [08aeeedc317543604f6c578552a2e096, clickElement {id=f.CB282F03712BCC57333435431BBE4391.d.AC7D371D374F1A59255E3E5F51F47204.e.1963}]
Capabilities {acceptInsecureCerts: false, browserName: chrome, browserVersion: 141.0.7390.123, chrome: {chromedriverVersion: 141.0.7390.122 (b477534e7e1..., userDataDir: C:\Users\zvijayfa\AppData\L...}, fedcm:accounts: true, goog:chromeOptions: {debuggerAddress: localhost:59236}, networkConnectionEnabled: false, pageLoadStrategy: normal, platformName: windows, proxy: Proxy(), se:cdp: ws://localhost:59236/devtoo..., se:cdpVersion: 141.0.7390.123, setWindowRect: true, strictFileInteractability: false, timeouts: {implicit: 0, pageLoad: 300000, script: 30000}, unhandledPromptBehavior: dismiss and notify, webauthn:extension:credBlob: true, webauthn:extension:largeBlob: true, webauthn:extension:minPinLength: true, webauthn:extension:prf: true, webauthn:virtualAuthenticators: true}
Element: [[ChromeDriver: chrome on windows (08aeeedc317543604f6c578552a2e096)] -&amp;gt; class name: register_webinar_upcoming]
Session ID: 08aeeedc317543604f6c578552a2e096">
      <![CDATA[java.lang.AssertionError: Test failed for webinar: Cloud Computing | Error: element not interactable
  (Session info: chrome=141.0.7390.123)
Build info: version: '4.36.0', revision: '6d115cfd87'
System info: os.name: 'Windows 11', os.arch: 'amd64', os.version: '10.0', java.version: '21.0.4'
Driver info: org.openqa.selenium.chrome.ChromeDriver
Command: [08aeeedc317543604f6c578552a2e096, clickElement {id=f.CB282F03712BCC57333435431BBE4391.d.AC7D371D374F1A59255E3E5F51F47204.e.1963}]
Capabilities {acceptInsecureCerts: false, browserName: chrome, browserVersion: 141.0.7390.123, chrome: {chromedriverVersion: 141.0.7390.122 (b477534e7e1..., userDataDir: C:\Users\zvijayfa\AppData\L...}, fedcm:accounts: true, goog:chromeOptions: {debuggerAddress: localhost:59236}, networkConnectionEnabled: false, pageLoadStrategy: normal, platformName: windows, proxy: Proxy(), se:cdp: ws://localhost:59236/devtoo..., se:cdpVersion: 141.0.7390.123, setWindowRect: true, strictFileInteractability: false, timeouts: {implicit: 0, pageLoad: 300000, script: 30000}, unhandledPromptBehavior: dismiss and notify, webauthn:extension:credBlob: true, webauthn:extension:largeBlob: true, webauthn:extension:minPinLength: true, webauthn:extension:prf: true, webauthn:virtualAuthenticators: true}
Element: [[ChromeDriver: chrome on windows (08aeeedc317543604f6c578552a2e096)] -> class name: register_webinar_upcoming]
Session ID: 08aeeedc317543604f6c578552a2e096
at com.edureka.test.WebinarDataDrivenTest.testWebinarSearchAndRegistration(WebinarDataDrivenTest.java:239)
at java.base/java.util.ArrayList.forEach(ArrayList.java:1596)
... Removed 26 stack frames]]>
    </failure>
  </testcase> <!-- testWebinarSearchAndRegistration -->
  <testcase classname="com.edureka.test.WebinarDataDrivenTest" name="testWebinarSearchAndRegistration" time="32.976">
    <failure type="java.lang.AssertionError" message="Test failed for webinar: DevOps | Error: element not interactable
  (Session info: chrome=141.0.7390.123)
Build info: version: &amp;apos;4.36.0&amp;apos;, revision: &amp;apos;6d115cfd87&amp;apos;
System info: os.name: &amp;apos;Windows 11&amp;apos;, os.arch: &amp;apos;amd64&amp;apos;, os.version: &amp;apos;10.0&amp;apos;, java.version: &amp;apos;21.0.4&amp;apos;
Driver info: org.openqa.selenium.chrome.ChromeDriver
Command: [08aeeedc317543604f6c578552a2e096, clickElement {id=f.CB282F03712BCC57333435431BBE4391.d.2EE02AADB532981D1B1FF2E16392E485.e.2327}]
Capabilities {acceptInsecureCerts: false, browserName: chrome, browserVersion: 141.0.7390.123, chrome: {chromedriverVersion: 141.0.7390.122 (b477534e7e1..., userDataDir: C:\Users\zvijayfa\AppData\L...}, fedcm:accounts: true, goog:chromeOptions: {debuggerAddress: localhost:59236}, networkConnectionEnabled: false, pageLoadStrategy: normal, platformName: windows, proxy: Proxy(), se:cdp: ws://localhost:59236/devtoo..., se:cdpVersion: 141.0.7390.123, setWindowRect: true, strictFileInteractability: false, timeouts: {implicit: 0, pageLoad: 300000, script: 30000}, unhandledPromptBehavior: dismiss and notify, webauthn:extension:credBlob: true, webauthn:extension:largeBlob: true, webauthn:extension:minPinLength: true, webauthn:extension:prf: true, webauthn:virtualAuthenticators: true}
Element: [[ChromeDriver: chrome on windows (08aeeedc317543604f6c578552a2e096)] -&amp;gt; class name: register_webinar_upcoming]
Session ID: 08aeeedc317543604f6c578552a2e096">
      <![CDATA[java.lang.AssertionError: Test failed for webinar: DevOps | Error: element not interactable
  (Session info: chrome=141.0.7390.123)
Build info: version: '4.36.0', revision: '6d115cfd87'
System info: os.name: 'Windows 11', os.arch: 'amd64', os.version: '10.0', java.version: '21.0.4'
Driver info: org.openqa.selenium.chrome.ChromeDriver
Command: [08aeeedc317543604f6c578552a2e096, clickElement {id=f.CB282F03712BCC57333435431BBE4391.d.2EE02AADB532981D1B1FF2E16392E485.e.2327}]
Capabilities {acceptInsecureCerts: false, browserName: chrome, browserVersion: 141.0.7390.123, chrome: {chromedriverVersion: 141.0.7390.122 (b477534e7e1..., userDataDir: C:\Users\zvijayfa\AppData\L...}, fedcm:accounts: true, goog:chromeOptions: {debuggerAddress: localhost:59236}, networkConnectionEnabled: false, pageLoadStrategy: normal, platformName: windows, proxy: Proxy(), se:cdp: ws://localhost:59236/devtoo..., se:cdpVersion: 141.0.7390.123, setWindowRect: true, strictFileInteractability: false, timeouts: {implicit: 0, pageLoad: 300000, script: 30000}, unhandledPromptBehavior: dismiss and notify, webauthn:extension:credBlob: true, webauthn:extension:largeBlob: true, webauthn:extension:minPinLength: true, webauthn:extension:prf: true, webauthn:virtualAuthenticators: true}
Element: [[ChromeDriver: chrome on windows (08aeeedc317543604f6c578552a2e096)] -> class name: register_webinar_upcoming]
Session ID: 08aeeedc317543604f6c578552a2e096
at com.edureka.test.WebinarDataDrivenTest.testWebinarSearchAndRegistration(WebinarDataDrivenTest.java:239)
at java.base/java.util.ArrayList.forEach(ArrayList.java:1596)
... Removed 26 stack frames]]>
    </failure>
  </testcase> <!-- testWebinarSearchAndRegistration -->
  <testcase classname="com.edureka.test.WebinarDataDrivenTest" name="testWebinarSearchValidation" time="16.261"/>
  <testcase classname="com.edureka.test.WebinarDataDrivenTest" name="testWebinarSearchValidation" time="17.502"/>
  <testcase classname="com.edureka.test.WebinarDataDrivenTest" name="testWebinarSearchValidation" time="16.564"/>
  <testcase classname="com.edureka.test.WebinarDataDrivenTest" name="testWebinarSearchValidation" time="16.106"/>
  <testcase classname="com.edureka.test.WebinarDataDrivenTest" name="testWebinarSearchValidation" time="7.456">
    <failure type="java.lang.AssertionError" message="Search validation failed: Cannot invoke &amp;quot;org.openqa.selenium.JavascriptExecutor.executeScript(String, Object[])&amp;quot; because &amp;quot;this.js&amp;quot; is null">
      <![CDATA[java.lang.AssertionError: Search validation failed: Cannot invoke "org.openqa.selenium.JavascriptExecutor.executeScript(String, Object[])" because "this.js" is null
at com.edureka.test.WebinarDataDrivenTest.testWebinarSearchValidation(WebinarDataDrivenTest.java:294)
at java.base/java.util.ArrayList.forEach(ArrayList.java:1596)
... Removed 26 stack frames]]>
    </failure>
  </testcase> <!-- testWebinarSearchValidation -->
  <testcase classname="com.edureka.test.WebinarDataDrivenTest" name="testWebinarSearchValidation" time="6.947">
    <failure type="java.lang.AssertionError" message="Search validation failed: Cannot invoke &amp;quot;org.openqa.selenium.JavascriptExecutor.executeScript(String, Object[])&amp;quot; because &amp;quot;this.js&amp;quot; is null">
      <![CDATA[java.lang.AssertionError: Search validation failed: Cannot invoke "org.openqa.selenium.JavascriptExecutor.executeScript(String, Object[])" because "this.js" is null
at com.edureka.test.WebinarDataDrivenTest.testWebinarSearchValidation(WebinarDataDrivenTest.java:294)
at java.base/java.util.ArrayList.forEach(ArrayList.java:1596)
... Removed 26 stack frames]]>
    </failure>
  </testcase> <!-- testWebinarSearchValidation -->
</testsuite> <!-- Webinar Data-Driven Tests -->
