<?xml version="1.0" encoding="UTF-8"?>
<!-- Generated by org.testng.reporters.JUnitXMLReporter -->
<testsuite ignored="0" hostname="LIN-5CD532CCPB" failures="0" tests="6" name="Default test" time="52.438" errors="0" timestamp="2025-11-05T15:18:35 IST">
  <testcase classname="com.edureka.test.DummyTest" name="loginAndNavigateToWebinars" time="21.348"/>
  <testcase classname="com.edureka.test.DummyTest" name="searchWebinarTest" time="5.558"/>
  <testcase classname="com.edureka.test.DummyTest" name="searchWebinarTest" time="3.35"/>
  <testcase classname="com.edureka.test.DummyTest" name="searchWebinarTest" time="3.312"/>
  <testcase classname="com.edureka.test.DummyTest" name="searchWebinarTest" time="3.389"/>
  <testcase classname="com.edureka.test.DummyTest" name="searchWebinarTest" time="3.385"/>
</testsuite> <!-- Default test -->
