<?xml version="1.0" encoding="UTF-8"?>
<!-- Generated by org.testng.reporters.JUnitXMLReporter -->
<testsuite ignored="0" hostname="Zane" failures="0" tests="11" name="Default test" time="150.173" errors="0" timestamp="2025-11-07T06:31:38 IST">
  <testcase classname="com.edureka.test.EdurekaCompleteTest" name="loginTest" time="11.317"/>
  <testcase classname="com.edureka.test.EdurekaCompleteTest" name="navigateToWebinarsTest" time="5.198"/>
  <testcase classname="com.edureka.test.EdurekaCompleteTest" name="searchWebinarTest" time="7.604"/>
  <testcase classname="com.edureka.test.EdurekaCompleteTest" name="searchWebinarTest" time="4.69"/>
  <testcase classname="com.edureka.test.EdurekaCompleteTest" name="searchWebinarTest" time="4.74"/>
  <testcase classname="com.edureka.test.EdurekaCompleteTest" name="searchWebinarTest" time="4.713"/>
  <testcase classname="com.edureka.test.EdurekaCompleteTest" name="searchWebinarTest" time="4.643"/>
  <testcase classname="com.edureka.test.EdurekaCompleteTest" name="registerForWebinarTest" time="14.641"/>
  <testcase classname="com.edureka.test.EdurekaCompleteTest" name="navigateToCareersTest" time="34.384"/>
  <testcase classname="com.edureka.test.EdurekaCompleteTest" name="navigateToJobOpeningTest" time="9.636"/>
  <testcase classname="com.edureka.test.EdurekaCompleteTest" name="applyForJobTest" time="42.167"/>
</testsuite> <!-- Default test -->
