<?xml version="1.0" encoding="UTF-8"?>
<!-- Generated by org.testng.reporters.JUnitXMLReporter -->
<testsuite ignored="0" hostname="Zane" failures="0" tests="11" name="Default test" time="145.389" errors="0" timestamp="2025-11-07T00:10:02 IST">
  <testcase classname="com.edureka.test.EdurekaCompleteTest" name="loginTest" time="11.273"/>
  <testcase classname="com.edureka.test.EdurekaCompleteTest" name="navigateToWebinarsTest" time="5.088"/>
  <testcase classname="com.edureka.test.EdurekaCompleteTest" name="searchWebinarTest" time="7.644"/>
  <testcase classname="com.edureka.test.EdurekaCompleteTest" name="searchWebinarTest" time="4.771"/>
  <testcase classname="com.edureka.test.EdurekaCompleteTest" name="searchWebinarTest" time="4.689"/>
  <testcase classname="com.edureka.test.EdurekaCompleteTest" name="searchWebinarTest" time="4.619"/>
  <testcase classname="com.edureka.test.EdurekaCompleteTest" name="searchWebinarTest" time="4.648"/>
  <testcase classname="com.edureka.test.EdurekaCompleteTest" name="registerForWebinarTest" time="14.327"/>
  <testcase classname="com.edureka.test.EdurekaCompleteTest" name="navigateToCareersTest" time="34.594"/>
  <testcase classname="com.edureka.test.EdurekaCompleteTest" name="navigateToJobOpeningTest" time="9.229"/>
  <testcase classname="com.edureka.test.EdurekaCompleteTest" name="applyForJobTest" time="37.5"/>
</testsuite> <!-- Default test -->
