<?xml version="1.0" encoding="UTF-8"?>
<!-- Generated by org.testng.reporters.JUnitXMLReporter -->
<testsuite ignored="0" hostname="Zane" failures="0" tests="11" name="Default test" time="150.054" errors="0" timestamp="2025-11-07T06:15:24 IST">
  <testcase classname="com.edureka.test.EdurekaCompleteTest" name="loginTest" time="11.317"/>
  <testcase classname="com.edureka.test.EdurekaCompleteTest" name="navigateToWebinarsTest" time="5.472"/>
  <testcase classname="com.edureka.test.EdurekaCompleteTest" name="searchWebinarTest" time="6.934"/>
  <testcase classname="com.edureka.test.EdurekaCompleteTest" name="searchWebinarTest" time="4.68"/>
  <testcase classname="com.edureka.test.EdurekaCompleteTest" name="searchWebinarTest" time="4.591"/>
  <testcase classname="com.edureka.test.EdurekaCompleteTest" name="searchWebinarTest" time="4.718"/>
  <testcase classname="com.edureka.test.EdurekaCompleteTest" name="searchWebinarTest" time="4.634"/>
  <testcase classname="com.edureka.test.EdurekaCompleteTest" name="registerForWebinarTest" time="14.18"/>
  <testcase classname="com.edureka.test.EdurekaCompleteTest" name="navigateToCareersTest" time="34.637"/>
  <testcase classname="com.edureka.test.EdurekaCompleteTest" name="navigateToJobOpeningTest" time="9.232"/>
  <testcase classname="com.edureka.test.EdurekaCompleteTest" name="applyForJobTest" time="41.798"/>
</testsuite> <!-- Default test -->
