<?xml version="1.0" encoding="UTF-8"?>
<testng-results ignored="0" total="1" passed="1" failed="0" skipped="0">
  <reporter-output>
  </reporter-output>
  <suite started-at="2025-10-30T18:03:40 IST" name="Default suite" finished-at="2025-10-30T18:03:44 IST" duration-ms="4817">
    <groups>
    </groups>
    <test started-at="2025-10-30T18:03:40 IST" name="Default test" finished-at="2025-10-30T18:03:44 IST" duration-ms="4817">
      <class name="com.edureka.test.Test">
        <test-method signature="test01()[pri:0, instance:com.edureka.test.Test@65fb9ffc]" started-at="2025-10-30T18:03:40 IST" name="test01" finished-at="2025-10-30T18:03:44 IST" duration-ms="4756" status="PASS">
          <reporter-output>
          </reporter-output>
        </test-method> <!-- test01 -->
      </class> <!-- com.edureka.test.Test -->
    </test> <!-- Default test -->
  </suite> <!-- Default suite -->
</testng-results>
