<?xml version="1.0" encoding="UTF-8"?>
<testng-results ignored="0" total="1" passed="1" failed="0" skipped="0">
  <reporter-output>
  </reporter-output>
  <suite started-at="2025-11-04T21:30:10 IST" name="Default suite" finished-at="2025-11-04T21:31:06 IST" duration-ms="55778">
    <groups>
    </groups>
    <test started-at="2025-11-04T21:30:10 IST" name="Default test" finished-at="2025-11-04T21:31:06 IST" duration-ms="55778">
      <class name="com.edureka.test.DummyTest">
        <test-method is-config="true" signature="setupTest()[pri:0, instance:com.edureka.test.DummyTest@662ac478]" started-at="2025-11-04T21:30:10 IST" name="setupTest" finished-at="2025-11-04T21:30:20 IST" duration-ms="10219" status="PASS">
          <reporter-output>
          </reporter-output>
        </test-method> <!-- setupTest -->
        <test-method signature="sampleTest()[pri:0, instance:com.edureka.test.DummyTest@662ac478]" started-at="2025-11-04T21:30:20 IST" name="sampleTest" finished-at="2025-11-04T21:31:06 IST" duration-ms="45473" status="PASS">
          <reporter-output>
          </reporter-output>
        </test-method> <!-- sampleTest -->
      </class> <!-- com.edureka.test.DummyTest -->
    </test> <!-- Default test -->
  </suite> <!-- Default suite -->
</testng-results>
