<?xml version="1.0" encoding="UTF-8"?>
<testng-results ignored="0" total="1" passed="1" failed="0" skipped="0">
  <reporter-output>
  </reporter-output>
  <suite started-at="2025-10-31T13:24:45 IST" name="Default suite" finished-at="2025-10-31T13:24:49 IST" duration-ms="3816">
    <groups>
    </groups>
    <test started-at="2025-10-31T13:24:45 IST" name="Default test" finished-at="2025-10-31T13:24:49 IST" duration-ms="3816">
      <class name="com.edureka.test.DummyTest">
        <test-method signature="sampleTest()[pri:0, instance:com.edureka.test.DummyTest@235834f2]" started-at="2025-10-31T13:24:45 IST" name="sampleTest" finished-at="2025-10-31T13:24:49 IST" duration-ms="3754" status="PASS">
          <reporter-output>
          </reporter-output>
        </test-method> <!-- sampleTest -->
      </class> <!-- com.edureka.test.DummyTest -->
    </test> <!-- Default test -->
  </suite> <!-- Default suite -->
</testng-results>
