<?xml version="1.0" encoding="UTF-8"?>
<testng-results ignored="0" total="11" passed="11" failed="0" skipped="0">
  <reporter-output>
  </reporter-output>
  <suite started-at="2025-11-06T23:09:39 IST" name="Default suite" finished-at="2025-11-06T23:12:19 IST" duration-ms="160367">
    <groups>
    </groups>
    <test started-at="2025-11-06T23:09:39 IST" name="Default test" finished-at="2025-11-06T23:12:19 IST" duration-ms="160367">
      <class name="com.edureka.test.EdurekaCompleteTest">
        <test-method is-config="true" signature="reportGeneration()[pri:0, instance:com.edureka.test.EdurekaCompleteTest@1bd4fdd]" started-at="2025-11-06T23:09:39 IST" name="reportGeneration" finished-at="2025-11-06T23:09:39 IST" duration-ms="204" status="PASS">
          <reporter-output>
          </reporter-output>
        </test-method> <!-- reportGeneration -->
        <test-method is-config="true" signature="setupTest()[pri:0, instance:com.edureka.test.EdurekaCompleteTest@1bd4fdd]" started-at="2025-11-06T23:09:39 IST" name="setupTest" finished-at="2025-11-06T23:09:41 IST" duration-ms="2113" status="PASS">
          <reporter-output>
          </reporter-output>
        </test-method> <!-- setupTest -->
        <test-method is-config="true" signature="reportTestCreation(java.lang.reflect.Method,org.testng.ITestContext)[pri:0, instance:com.edureka.test.EdurekaCompleteTest@1bd4fdd]" started-at="2025-11-06T23:09:41 IST" name="reportTestCreation" finished-at="2025-11-06T23:09:41 IST" duration-ms="25" status="PASS">
          <params>
            <param index="0">
              <value>
                <![CDATA[public void com.edureka.test.EdurekaCompleteTest.loginTest() throws java.lang.Throwable]]>
              </value>
            </param>
            <param index="1">
              <value>
                <![CDATA[org.testng.TestRunner@39ace1a7]]>
              </value>
            </param>
          </params>
          <reporter-output>
          </reporter-output>
        </test-method> <!-- reportTestCreation -->
        <test-method signature="loginTest()[pri:1, instance:com.edureka.test.EdurekaCompleteTest@1bd4fdd]" started-at="2025-11-06T23:09:41 IST" name="loginTest" description="User Login Test" finished-at="2025-11-06T23:09:53 IST" duration-ms="11319" status="PASS">
          <reporter-output>
          </reporter-output>
        </test-method> <!-- loginTest -->
        <test-method is-config="true" signature="reportTestCompletion(org.testng.ITestResult)[pri:0, instance:com.edureka.test.EdurekaCompleteTest@1bd4fdd]" started-at="2025-11-06T23:09:53 IST" name="reportTestCompletion" finished-at="2025-11-06T23:09:53 IST" duration-ms="205" status="PASS">
          <params>
            <param index="0">
              <value>
                <![CDATA[[TestResult name=loginTest status=SUCCESS method=EdurekaCompleteTest.loginTest()[pri:1, instance:com.edureka.test.EdurekaCompleteTest@1bd4fdd] output={null}]]]>
              </value>
            </param>
          </params>
          <reporter-output>
          </reporter-output>
        </test-method> <!-- reportTestCompletion -->
        <test-method is-config="true" signature="reportTestCreation(java.lang.reflect.Method,org.testng.ITestContext)[pri:0, instance:com.edureka.test.EdurekaCompleteTest@1bd4fdd]" started-at="2025-11-06T23:09:53 IST" name="reportTestCreation" finished-at="2025-11-06T23:09:53 IST" duration-ms="3" status="PASS">
          <params>
            <param index="0">
              <value>
                <![CDATA[public void com.edureka.test.EdurekaCompleteTest.navigateToWebinarsTest() throws java.lang.Throwable]]>
              </value>
            </param>
            <param index="1">
              <value>
                <![CDATA[org.testng.TestRunner@39ace1a7]]>
              </value>
            </param>
          </params>
          <reporter-output>
          </reporter-output>
        </test-method> <!-- reportTestCreation -->
        <test-method signature="navigateToWebinarsTest()[pri:2, instance:com.edureka.test.EdurekaCompleteTest@1bd4fdd]" started-at="2025-11-06T23:09:53 IST" name="navigateToWebinarsTest" description="Navigate to Webinars Section" finished-at="2025-11-06T23:10:26 IST" depends-on-methods="com.edureka.test.EdurekaCompleteTest.loginTest" duration-ms="33012" status="PASS">
          <reporter-output>
          </reporter-output>
        </test-method> <!-- navigateToWebinarsTest -->
        <test-method is-config="true" signature="reportTestCompletion(org.testng.ITestResult)[pri:0, instance:com.edureka.test.EdurekaCompleteTest@1bd4fdd]" started-at="2025-11-06T23:10:26 IST" name="reportTestCompletion" finished-at="2025-11-06T23:10:26 IST" duration-ms="210" status="PASS">
          <params>
            <param index="0">
              <value>
                <![CDATA[[TestResult name=navigateToWebinarsTest status=SUCCESS method=EdurekaCompleteTest.navigateToWebinarsTest()[pri:2, instance:com.edureka.test.EdurekaCompleteTest@1bd4fdd] output={null}]]]>
              </value>
            </param>
          </params>
          <reporter-output>
          </reporter-output>
        </test-method> <!-- reportTestCompletion -->
        <test-method is-config="true" signature="reportTestCreation(java.lang.reflect.Method,org.testng.ITestContext)[pri:0, instance:com.edureka.test.EdurekaCompleteTest@1bd4fdd]" started-at="2025-11-06T23:10:27 IST" name="reportTestCreation" finished-at="2025-11-06T23:10:27 IST" duration-ms="2" status="PASS">
          <params>
            <param index="0">
              <value>
                <![CDATA[public void com.edureka.test.EdurekaCompleteTest.searchWebinarTest(java.lang.String) throws java.lang.InterruptedException]]>
              </value>
            </param>
            <param index="1">
              <value>
                <![CDATA[org.testng.TestRunner@39ace1a7]]>
              </value>
            </param>
          </params>
          <reporter-output>
          </reporter-output>
        </test-method> <!-- reportTestCreation -->
        <test-method signature="searchWebinarTest(java.lang.String)[pri:3, instance:com.edureka.test.EdurekaCompleteTest@1bd4fdd]" started-at="2025-11-06T23:10:27 IST" name="searchWebinarTest" description="Search Webinars with Multiple Keywords" data-provider="webinarSearchTerms" finished-at="2025-11-06T23:10:34 IST" depends-on-methods="com.edureka.test.EdurekaCompleteTest.navigateToWebinarsTest" duration-ms="6693" status="PASS">
          <params>
            <param index="0">
              <value>
                <![CDATA[agentic ai]]>
              </value>
            </param>
          </params>
          <reporter-output>
          </reporter-output>
        </test-method> <!-- searchWebinarTest -->
        <test-method is-config="true" signature="reportTestCompletion(org.testng.ITestResult)[pri:0, instance:com.edureka.test.EdurekaCompleteTest@1bd4fdd]" started-at="2025-11-06T23:10:34 IST" name="reportTestCompletion" finished-at="2025-11-06T23:10:34 IST" duration-ms="186" status="PASS">
          <params>
            <param index="0">
              <value>
                <![CDATA[[TestResult name=searchWebinarTest status=SUCCESS method=EdurekaCompleteTest.searchWebinarTest(java.lang.String)[pri:3, instance:com.edureka.test.EdurekaCompleteTest@1bd4fdd] output={null}]]]>
              </value>
            </param>
          </params>
          <reporter-output>
          </reporter-output>
        </test-method> <!-- reportTestCompletion -->
        <test-method is-config="true" signature="reportTestCreation(java.lang.reflect.Method,org.testng.ITestContext)[pri:0, instance:com.edureka.test.EdurekaCompleteTest@1bd4fdd]" started-at="2025-11-06T23:10:34 IST" name="reportTestCreation" finished-at="2025-11-06T23:10:34 IST" duration-ms="2" status="PASS">
          <params>
            <param index="0">
              <value>
                <![CDATA[public void com.edureka.test.EdurekaCompleteTest.searchWebinarTest(java.lang.String) throws java.lang.InterruptedException]]>
              </value>
            </param>
            <param index="1">
              <value>
                <![CDATA[org.testng.TestRunner@39ace1a7]]>
              </value>
            </param>
          </params>
          <reporter-output>
          </reporter-output>
        </test-method> <!-- reportTestCreation -->
        <test-method signature="searchWebinarTest(java.lang.String)[pri:3, instance:com.edureka.test.EdurekaCompleteTest@1bd4fdd]" started-at="2025-11-06T23:10:34 IST" name="searchWebinarTest" description="Search Webinars with Multiple Keywords" data-provider="webinarSearchTerms" finished-at="2025-11-06T23:10:39 IST" depends-on-methods="com.edureka.test.EdurekaCompleteTest.navigateToWebinarsTest" duration-ms="4686" status="PASS">
          <params>
            <param index="0">
              <value>
                <![CDATA[azure]]>
              </value>
            </param>
          </params>
          <reporter-output>
          </reporter-output>
        </test-method> <!-- searchWebinarTest -->
        <test-method is-config="true" signature="reportTestCompletion(org.testng.ITestResult)[pri:0, instance:com.edureka.test.EdurekaCompleteTest@1bd4fdd]" started-at="2025-11-06T23:10:39 IST" name="reportTestCompletion" finished-at="2025-11-06T23:10:39 IST" duration-ms="212" status="PASS">
          <params>
            <param index="0">
              <value>
                <![CDATA[[TestResult name=searchWebinarTest status=SUCCESS method=EdurekaCompleteTest.searchWebinarTest(java.lang.String)[pri:3, instance:com.edureka.test.EdurekaCompleteTest@1bd4fdd] output={null}]]]>
              </value>
            </param>
          </params>
          <reporter-output>
          </reporter-output>
        </test-method> <!-- reportTestCompletion -->
        <test-method is-config="true" signature="reportTestCreation(java.lang.reflect.Method,org.testng.ITestContext)[pri:0, instance:com.edureka.test.EdurekaCompleteTest@1bd4fdd]" started-at="2025-11-06T23:10:39 IST" name="reportTestCreation" finished-at="2025-11-06T23:10:39 IST" duration-ms="1" status="PASS">
          <params>
            <param index="0">
              <value>
                <![CDATA[public void com.edureka.test.EdurekaCompleteTest.searchWebinarTest(java.lang.String) throws java.lang.InterruptedException]]>
              </value>
            </param>
            <param index="1">
              <value>
                <![CDATA[org.testng.TestRunner@39ace1a7]]>
              </value>
            </param>
          </params>
          <reporter-output>
          </reporter-output>
        </test-method> <!-- reportTestCreation -->
        <test-method signature="searchWebinarTest(java.lang.String)[pri:3, instance:com.edureka.test.EdurekaCompleteTest@1bd4fdd]" started-at="2025-11-06T23:10:39 IST" name="searchWebinarTest" description="Search Webinars with Multiple Keywords" data-provider="webinarSearchTerms" finished-at="2025-11-06T23:10:44 IST" depends-on-methods="com.edureka.test.EdurekaCompleteTest.navigateToWebinarsTest" duration-ms="4639" status="PASS">
          <params>
            <param index="0">
              <value>
                <![CDATA[aws]]>
              </value>
            </param>
          </params>
          <reporter-output>
          </reporter-output>
        </test-method> <!-- searchWebinarTest -->
        <test-method is-config="true" signature="reportTestCompletion(org.testng.ITestResult)[pri:0, instance:com.edureka.test.EdurekaCompleteTest@1bd4fdd]" started-at="2025-11-06T23:10:44 IST" name="reportTestCompletion" finished-at="2025-11-06T23:10:44 IST" duration-ms="194" status="PASS">
          <params>
            <param index="0">
              <value>
                <![CDATA[[TestResult name=searchWebinarTest status=SUCCESS method=EdurekaCompleteTest.searchWebinarTest(java.lang.String)[pri:3, instance:com.edureka.test.EdurekaCompleteTest@1bd4fdd] output={null}]]]>
              </value>
            </param>
          </params>
          <reporter-output>
          </reporter-output>
        </test-method> <!-- reportTestCompletion -->
        <test-method is-config="true" signature="reportTestCreation(java.lang.reflect.Method,org.testng.ITestContext)[pri:0, instance:com.edureka.test.EdurekaCompleteTest@1bd4fdd]" started-at="2025-11-06T23:10:44 IST" name="reportTestCreation" finished-at="2025-11-06T23:10:44 IST" duration-ms="1" status="PASS">
          <params>
            <param index="0">
              <value>
                <![CDATA[public void com.edureka.test.EdurekaCompleteTest.searchWebinarTest(java.lang.String) throws java.lang.InterruptedException]]>
              </value>
            </param>
            <param index="1">
              <value>
                <![CDATA[org.testng.TestRunner@39ace1a7]]>
              </value>
            </param>
          </params>
          <reporter-output>
          </reporter-output>
        </test-method> <!-- reportTestCreation -->
        <test-method signature="searchWebinarTest(java.lang.String)[pri:3, instance:com.edureka.test.EdurekaCompleteTest@1bd4fdd]" started-at="2025-11-06T23:10:44 IST" name="searchWebinarTest" description="Search Webinars with Multiple Keywords" data-provider="webinarSearchTerms" finished-at="2025-11-06T23:10:49 IST" depends-on-methods="com.edureka.test.EdurekaCompleteTest.navigateToWebinarsTest" duration-ms="4627" status="PASS">
          <params>
            <param index="0">
              <value>
                <![CDATA[cyber security]]>
              </value>
            </param>
          </params>
          <reporter-output>
          </reporter-output>
        </test-method> <!-- searchWebinarTest -->
        <test-method is-config="true" signature="reportTestCompletion(org.testng.ITestResult)[pri:0, instance:com.edureka.test.EdurekaCompleteTest@1bd4fdd]" started-at="2025-11-06T23:10:49 IST" name="reportTestCompletion" finished-at="2025-11-06T23:10:49 IST" duration-ms="202" status="PASS">
          <params>
            <param index="0">
              <value>
                <![CDATA[[TestResult name=searchWebinarTest status=SUCCESS method=EdurekaCompleteTest.searchWebinarTest(java.lang.String)[pri:3, instance:com.edureka.test.EdurekaCompleteTest@1bd4fdd] output={null}]]]>
              </value>
            </param>
          </params>
          <reporter-output>
          </reporter-output>
        </test-method> <!-- reportTestCompletion -->
        <test-method is-config="true" signature="reportTestCreation(java.lang.reflect.Method,org.testng.ITestContext)[pri:0, instance:com.edureka.test.EdurekaCompleteTest@1bd4fdd]" started-at="2025-11-06T23:10:49 IST" name="reportTestCreation" finished-at="2025-11-06T23:10:49 IST" duration-ms="2" status="PASS">
          <params>
            <param index="0">
              <value>
                <![CDATA[public void com.edureka.test.EdurekaCompleteTest.searchWebinarTest(java.lang.String) throws java.lang.InterruptedException]]>
              </value>
            </param>
            <param index="1">
              <value>
                <![CDATA[org.testng.TestRunner@39ace1a7]]>
              </value>
            </param>
          </params>
          <reporter-output>
          </reporter-output>
        </test-method> <!-- reportTestCreation -->
        <test-method signature="searchWebinarTest(java.lang.String)[pri:3, instance:com.edureka.test.EdurekaCompleteTest@1bd4fdd]" started-at="2025-11-06T23:10:49 IST" name="searchWebinarTest" description="Search Webinars with Multiple Keywords" data-provider="webinarSearchTerms" finished-at="2025-11-06T23:10:54 IST" depends-on-methods="com.edureka.test.EdurekaCompleteTest.navigateToWebinarsTest" duration-ms="4584" status="PASS">
          <params>
            <param index="0">
              <value>
                <![CDATA[hwchwvhenov]]>
              </value>
            </param>
          </params>
          <reporter-output>
          </reporter-output>
        </test-method> <!-- searchWebinarTest -->
        <test-method is-config="true" signature="reportTestCompletion(org.testng.ITestResult)[pri:0, instance:com.edureka.test.EdurekaCompleteTest@1bd4fdd]" started-at="2025-11-06T23:10:54 IST" name="reportTestCompletion" finished-at="2025-11-06T23:10:54 IST" duration-ms="224" status="PASS">
          <params>
            <param index="0">
              <value>
                <![CDATA[[TestResult name=searchWebinarTest status=SUCCESS method=EdurekaCompleteTest.searchWebinarTest(java.lang.String)[pri:3, instance:com.edureka.test.EdurekaCompleteTest@1bd4fdd] output={null}]]]>
              </value>
            </param>
          </params>
          <reporter-output>
          </reporter-output>
        </test-method> <!-- reportTestCompletion -->
        <test-method is-config="true" signature="reportTestCreation(java.lang.reflect.Method,org.testng.ITestContext)[pri:0, instance:com.edureka.test.EdurekaCompleteTest@1bd4fdd]" started-at="2025-11-06T23:10:54 IST" name="reportTestCreation" finished-at="2025-11-06T23:10:54 IST" duration-ms="3" status="PASS">
          <params>
            <param index="0">
              <value>
                <![CDATA[public void com.edureka.test.EdurekaCompleteTest.registerForWebinarTest() throws java.lang.InterruptedException]]>
              </value>
            </param>
            <param index="1">
              <value>
                <![CDATA[org.testng.TestRunner@39ace1a7]]>
              </value>
            </param>
          </params>
          <reporter-output>
          </reporter-output>
        </test-method> <!-- reportTestCreation -->
        <test-method signature="registerForWebinarTest()[pri:4, instance:com.edureka.test.EdurekaCompleteTest@1bd4fdd]" started-at="2025-11-06T23:10:54 IST" name="registerForWebinarTest" description="Register for Webinar" finished-at="2025-11-06T23:11:07 IST" depends-on-methods="com.edureka.test.EdurekaCompleteTest.searchWebinarTest" duration-ms="13669" status="PASS">
          <reporter-output>
          </reporter-output>
        </test-method> <!-- registerForWebinarTest -->
        <test-method is-config="true" signature="reportTestCompletion(org.testng.ITestResult)[pri:0, instance:com.edureka.test.EdurekaCompleteTest@1bd4fdd]" started-at="2025-11-06T23:11:07 IST" name="reportTestCompletion" finished-at="2025-11-06T23:11:08 IST" duration-ms="148" status="PASS">
          <params>
            <param index="0">
              <value>
                <![CDATA[[TestResult name=registerForWebinarTest status=SUCCESS method=EdurekaCompleteTest.registerForWebinarTest()[pri:4, instance:com.edureka.test.EdurekaCompleteTest@1bd4fdd] output={null}]]]>
              </value>
            </param>
          </params>
          <reporter-output>
          </reporter-output>
        </test-method> <!-- reportTestCompletion -->
        <test-method is-config="true" signature="reportTestCreation(java.lang.reflect.Method,org.testng.ITestContext)[pri:0, instance:com.edureka.test.EdurekaCompleteTest@1bd4fdd]" started-at="2025-11-06T23:11:08 IST" name="reportTestCreation" finished-at="2025-11-06T23:11:08 IST" duration-ms="1" status="PASS">
          <params>
            <param index="0">
              <value>
                <![CDATA[public void com.edureka.test.EdurekaCompleteTest.navigateToCareersTest() throws java.lang.Throwable]]>
              </value>
            </param>
            <param index="1">
              <value>
                <![CDATA[org.testng.TestRunner@39ace1a7]]>
              </value>
            </param>
          </params>
          <reporter-output>
          </reporter-output>
        </test-method> <!-- reportTestCreation -->
        <test-method signature="navigateToCareersTest()[pri:5, instance:com.edureka.test.EdurekaCompleteTest@1bd4fdd]" started-at="2025-11-06T23:11:08 IST" name="navigateToCareersTest" description="Navigate to Careers Page" finished-at="2025-11-06T23:11:42 IST" depends-on-methods="com.edureka.test.EdurekaCompleteTest.registerForWebinarTest" duration-ms="34401" status="PASS">
          <reporter-output>
          </reporter-output>
        </test-method> <!-- navigateToCareersTest -->
        <test-method is-config="true" signature="reportTestCompletion(org.testng.ITestResult)[pri:0, instance:com.edureka.test.EdurekaCompleteTest@1bd4fdd]" started-at="2025-11-06T23:11:42 IST" name="reportTestCompletion" finished-at="2025-11-06T23:11:42 IST" duration-ms="236" status="PASS">
          <params>
            <param index="0">
              <value>
                <![CDATA[[TestResult name=navigateToCareersTest status=SUCCESS method=EdurekaCompleteTest.navigateToCareersTest()[pri:5, instance:com.edureka.test.EdurekaCompleteTest@1bd4fdd] output={null}]]]>
              </value>
            </param>
          </params>
          <reporter-output>
          </reporter-output>
        </test-method> <!-- reportTestCompletion -->
        <test-method is-config="true" signature="reportTestCreation(java.lang.reflect.Method,org.testng.ITestContext)[pri:0, instance:com.edureka.test.EdurekaCompleteTest@1bd4fdd]" started-at="2025-11-06T23:11:42 IST" name="reportTestCreation" finished-at="2025-11-06T23:11:42 IST" duration-ms="1" status="PASS">
          <params>
            <param index="0">
              <value>
                <![CDATA[public void com.edureka.test.EdurekaCompleteTest.navigateToJobOpeningTest() throws java.lang.Throwable]]>
              </value>
            </param>
            <param index="1">
              <value>
                <![CDATA[org.testng.TestRunner@39ace1a7]]>
              </value>
            </param>
          </params>
          <reporter-output>
          </reporter-output>
        </test-method> <!-- reportTestCreation -->
        <test-method signature="navigateToJobOpeningTest()[pri:6, instance:com.edureka.test.EdurekaCompleteTest@1bd4fdd]" started-at="2025-11-06T23:11:42 IST" name="navigateToJobOpeningTest" description="Navigate to Job Opening" finished-at="2025-11-06T23:11:51 IST" depends-on-methods="com.edureka.test.EdurekaCompleteTest.navigateToCareersTest" duration-ms="9201" status="PASS">
          <reporter-output>
          </reporter-output>
        </test-method> <!-- navigateToJobOpeningTest -->
        <test-method is-config="true" signature="reportTestCompletion(org.testng.ITestResult)[pri:0, instance:com.edureka.test.EdurekaCompleteTest@1bd4fdd]" started-at="2025-11-06T23:11:51 IST" name="reportTestCompletion" finished-at="2025-11-06T23:11:52 IST" duration-ms="125" status="PASS">
          <params>
            <param index="0">
              <value>
                <![CDATA[[TestResult name=navigateToJobOpeningTest status=SUCCESS method=EdurekaCompleteTest.navigateToJobOpeningTest()[pri:6, instance:com.edureka.test.EdurekaCompleteTest@1bd4fdd] output={null}]]]>
              </value>
            </param>
          </params>
          <reporter-output>
          </reporter-output>
        </test-method> <!-- reportTestCompletion -->
        <test-method is-config="true" signature="reportTestCreation(java.lang.reflect.Method,org.testng.ITestContext)[pri:0, instance:com.edureka.test.EdurekaCompleteTest@1bd4fdd]" started-at="2025-11-06T23:11:52 IST" name="reportTestCreation" finished-at="2025-11-06T23:11:52 IST" duration-ms="1" status="PASS">
          <params>
            <param index="0">
              <value>
                <![CDATA[public void com.edureka.test.EdurekaCompleteTest.applyForJobTest(java.lang.String,java.lang.String,java.lang.String) throws java.lang.Throwable]]>
              </value>
            </param>
            <param index="1">
              <value>
                <![CDATA[org.testng.TestRunner@39ace1a7]]>
              </value>
            </param>
          </params>
          <reporter-output>
          </reporter-output>
        </test-method> <!-- reportTestCreation -->
        <test-method signature="applyForJobTest(java.lang.String,java.lang.String,java.lang.String)[pri:7, instance:com.edureka.test.EdurekaCompleteTest@1bd4fdd]" started-at="2025-11-06T23:11:52 IST" name="applyForJobTest" description="Apply for Job with Test Data" data-provider="ApplyForJob" finished-at="2025-11-06T23:12:19 IST" depends-on-methods="com.edureka.test.EdurekaCompleteTest.navigateToJobOpeningTest" duration-ms="27189" status="PASS">
          <params>
            <param index="0">
              <value>
                <![CDATA[Zane Falcao]]>
              </value>
            </param>
            <param index="1">
              <value>
                <![CDATA[zanefalcao21@gmail.com]]>
              </value>
            </param>
            <param index="2">
              <value>
                <![CDATA[9876543210]]>
              </value>
            </param>
          </params>
          <reporter-output>
          </reporter-output>
        </test-method> <!-- applyForJobTest -->
        <test-method is-config="true" signature="reportTestCompletion(org.testng.ITestResult)[pri:0, instance:com.edureka.test.EdurekaCompleteTest@1bd4fdd]" started-at="2025-11-06T23:12:19 IST" name="reportTestCompletion" finished-at="2025-11-06T23:12:19 IST" duration-ms="254" status="PASS">
          <params>
            <param index="0">
              <value>
                <![CDATA[[TestResult name=applyForJobTest status=SUCCESS method=EdurekaCompleteTest.applyForJobTest(java.lang.String,java.lang.String,java.lang.String)[pri:7, instance:com.edureka.test.EdurekaCompleteTest@1bd4fdd] output={null}]]]>
              </value>
            </param>
          </params>
          <reporter-output>
          </reporter-output>
        </test-method> <!-- reportTestCompletion -->
        <test-method is-config="true" signature="shutdown()[pri:0, instance:com.edureka.test.EdurekaCompleteTest@1bd4fdd]" started-at="2025-11-06T23:12:19 IST" name="shutdown" finished-at="2025-11-06T23:12:19 IST" duration-ms="356" status="PASS">
          <reporter-output>
          </reporter-output>
        </test-method> <!-- shutdown -->
        <test-method is-config="true" signature="reportCompletion()[pri:0, instance:com.edureka.test.EdurekaCompleteTest@1bd4fdd]" started-at="2025-11-06T23:12:20 IST" name="reportCompletion" finished-at="2025-11-06T23:12:20 IST" duration-ms="311" status="PASS">
          <reporter-output>
          </reporter-output>
        </test-method> <!-- reportCompletion -->
      </class> <!-- com.edureka.test.EdurekaCompleteTest -->
    </test> <!-- Default test -->
  </suite> <!-- Default suite -->
</testng-results>
