<?xml version="1.0" encoding="UTF-8"?>
<testng-results ignored="0" total="1" passed="1" failed="0" skipped="0">
  <reporter-output>
  </reporter-output>
  <suite started-at="2025-11-06T22:36:01 IST" name="Default suite" finished-at="2025-11-06T22:36:45 IST" duration-ms="43490">
    <groups>
    </groups>
    <test started-at="2025-11-06T22:36:01 IST" name="Default test" finished-at="2025-11-06T22:36:45 IST" duration-ms="43490">
      <class name="com.edureka.test.DummyTest2">
        <test-method is-config="true" signature="reportGeneration()[pri:0, instance:com.edureka.test.DummyTest2@1c1bbc4e]" started-at="2025-11-06T22:36:01 IST" name="reportGeneration" finished-at="2025-11-06T22:36:01 IST" duration-ms="393" status="PASS">
          <reporter-output>
          </reporter-output>
        </test-method> <!-- reportGeneration -->
        <test-method is-config="true" signature="setupTest()[pri:0, instance:com.edureka.test.DummyTest2@1c1bbc4e]" started-at="2025-11-06T22:36:01 IST" name="setupTest" finished-at="2025-11-06T22:36:06 IST" duration-ms="4272" status="PASS">
          <reporter-output>
          </reporter-output>
        </test-method> <!-- setupTest -->
        <test-method is-config="true" signature="reportTestCreation(java.lang.reflect.Method,org.testng.ITestContext)[pri:0, instance:com.edureka.test.DummyTest2@1c1bbc4e]" started-at="2025-11-06T22:36:07 IST" name="reportTestCreation" finished-at="2025-11-06T22:36:07 IST" duration-ms="14" status="PASS">
          <params>
            <param index="0">
              <value>
                <![CDATA[public void com.edureka.test.DummyTest2.careerJobApplicationTest(java.lang.String,java.lang.String,java.lang.String) throws java.lang.Throwable]]>
              </value>
            </param>
            <param index="1">
              <value>
                <![CDATA[org.testng.TestRunner@115dcaea]]>
              </value>
            </param>
          </params>
          <reporter-output>
          </reporter-output>
        </test-method> <!-- reportTestCreation -->
        <test-method is-config="true" signature="initializing()[pri:0, instance:com.edureka.test.DummyTest2@1c1bbc4e]" started-at="2025-11-06T22:36:07 IST" name="initializing" finished-at="2025-11-06T22:36:07 IST" duration-ms="59" status="PASS">
          <reporter-output>
          </reporter-output>
        </test-method> <!-- initializing -->
        <test-method signature="careerJobApplicationTest(java.lang.String,java.lang.String,java.lang.String)[pri:0, instance:com.edureka.test.DummyTest2@1c1bbc4e]" started-at="2025-11-06T22:36:07 IST" name="careerJobApplicationTest" data-provider="ApplyForJob" finished-at="2025-11-06T22:36:44 IST" duration-ms="37567" status="PASS">
          <params>
            <param index="0">
              <value>
                <![CDATA[Zane Falcao]]>
              </value>
            </param>
            <param index="1">
              <value>
                <![CDATA[zanefalcao21@gmail.com]]>
              </value>
            </param>
            <param index="2">
              <value>
                <![CDATA[9876543210]]>
              </value>
            </param>
          </params>
          <reporter-output>
          </reporter-output>
        </test-method> <!-- careerJobApplicationTest -->
        <test-method is-config="true" signature="reportTestCompletion(org.testng.ITestResult)[pri:0, instance:com.edureka.test.DummyTest2@1c1bbc4e]" started-at="2025-11-06T22:36:44 IST" name="reportTestCompletion" finished-at="2025-11-06T22:36:45 IST" duration-ms="511" status="PASS">
          <params>
            <param index="0">
              <value>
                <![CDATA[[TestResult name=careerJobApplicationTest status=SUCCESS method=DummyTest2.careerJobApplicationTest(java.lang.String,java.lang.String,java.lang.String)[pri:0, instance:com.edureka.test.DummyTest2@1c1bbc4e] output={null}]]]>
              </value>
            </param>
          </params>
          <reporter-output>
          </reporter-output>
        </test-method> <!-- reportTestCompletion -->
        <test-method is-config="true" signature="reportCompletion()[pri:0, instance:com.edureka.test.DummyTest2@1c1bbc4e]" started-at="2025-11-06T22:36:45 IST" name="reportCompletion" finished-at="2025-11-06T22:36:46 IST" duration-ms="719" status="PASS">
          <reporter-output>
          </reporter-output>
        </test-method> <!-- reportCompletion -->
      </class> <!-- com.edureka.test.DummyTest2 -->
    </test> <!-- Default test -->
  </suite> <!-- Default suite -->
</testng-results>
