<?xml version="1.0" encoding="UTF-8"?>
<testng-results ignored="0" total="1" passed="1" failed="0" skipped="0">
  <reporter-output>
  </reporter-output>
  <suite started-at="2025-11-03T16:31:16 IST" name="Default suite" finished-at="2025-11-03T16:31:41 IST" duration-ms="25087">
    <groups>
    </groups>
    <test started-at="2025-11-03T16:31:16 IST" name="Default test" finished-at="2025-11-03T16:31:41 IST" duration-ms="25087">
      <class name="com.edureka.test.DummyTest2">
        <test-method signature="sampleTest()[pri:0, instance:com.edureka.test.DummyTest2@3270d194]" started-at="2025-11-03T16:31:16 IST" name="sampleTest" finished-at="2025-11-03T16:31:41 IST" duration-ms="25026" status="PASS">
          <reporter-output>
          </reporter-output>
        </test-method> <!-- sampleTest -->
      </class> <!-- com.edureka.test.DummyTest2 -->
    </test> <!-- Default test -->
  </suite> <!-- Default suite -->
</testng-results>
