<?xml version="1.0" encoding="UTF-8"?>
<testng-results ignored="0" total="11" passed="11" failed="0" skipped="0">
  <reporter-output>
  </reporter-output>
  <suite started-at="2025-11-07T06:29:08 IST" name="Default suite" finished-at="2025-11-07T06:31:38 IST" duration-ms="150173">
    <groups>
    </groups>
    <test started-at="2025-11-07T06:29:08 IST" name="Default test" finished-at="2025-11-07T06:31:38 IST" duration-ms="150173">
      <class name="com.edureka.test.EdurekaCompleteTest">
        <test-method is-config="true" signature="reportGeneration()[pri:0, instance:com.edureka.test.EdurekaCompleteTest@1bd4fdd]" started-at="2025-11-07T06:29:07 IST" name="reportGeneration" finished-at="2025-11-07T06:29:08 IST" duration-ms="209" status="PASS">
          <reporter-output>
          </reporter-output>
        </test-method> <!-- reportGeneration -->
        <test-method is-config="true" signature="setupTest()[pri:0, instance:com.edureka.test.EdurekaCompleteTest@1bd4fdd]" started-at="2025-11-07T06:29:08 IST" name="setupTest" finished-at="2025-11-07T06:29:10 IST" duration-ms="2310" status="PASS">
          <reporter-output>
          </reporter-output>
        </test-method> <!-- setupTest -->
        <test-method is-config="true" signature="reportTestCreation(java.lang.reflect.Method,org.testng.ITestContext)[pri:0, instance:com.edureka.test.EdurekaCompleteTest@1bd4fdd]" started-at="2025-11-07T06:29:10 IST" name="reportTestCreation" finished-at="2025-11-07T06:29:10 IST" duration-ms="33" status="PASS">
          <params>
            <param index="0">
              <value>
                <![CDATA[public void com.edureka.test.EdurekaCompleteTest.loginTest() throws java.lang.Throwable]]>
              </value>
            </param>
            <param index="1">
              <value>
                <![CDATA[org.testng.TestRunner@6cd45b6c]]>
              </value>
            </param>
          </params>
          <reporter-output>
          </reporter-output>
        </test-method> <!-- reportTestCreation -->
        <test-method signature="loginTest()[pri:1, instance:com.edureka.test.EdurekaCompleteTest@1bd4fdd]" started-at="2025-11-07T06:29:10 IST" name="loginTest" description="User Login Test" finished-at="2025-11-07T06:29:21 IST" duration-ms="11317" status="PASS">
          <reporter-output>
          </reporter-output>
        </test-method> <!-- loginTest -->
        <test-method is-config="true" signature="reportTestCompletion(org.testng.ITestResult)[pri:0, instance:com.edureka.test.EdurekaCompleteTest@1bd4fdd]" started-at="2025-11-07T06:29:21 IST" name="reportTestCompletion" finished-at="2025-11-07T06:29:21 IST" duration-ms="210" status="PASS">
          <params>
            <param index="0">
              <value>
                <![CDATA[[TestResult name=loginTest status=SUCCESS method=EdurekaCompleteTest.loginTest()[pri:1, instance:com.edureka.test.EdurekaCompleteTest@1bd4fdd] output={null}]]]>
              </value>
            </param>
          </params>
          <reporter-output>
          </reporter-output>
        </test-method> <!-- reportTestCompletion -->
        <test-method is-config="true" signature="reportTestCreation(java.lang.reflect.Method,org.testng.ITestContext)[pri:0, instance:com.edureka.test.EdurekaCompleteTest@1bd4fdd]" started-at="2025-11-07T06:29:21 IST" name="reportTestCreation" finished-at="2025-11-07T06:29:21 IST" duration-ms="2" status="PASS">
          <params>
            <param index="0">
              <value>
                <![CDATA[public void com.edureka.test.EdurekaCompleteTest.navigateToWebinarsTest() throws java.lang.Throwable]]>
              </value>
            </param>
            <param index="1">
              <value>
                <![CDATA[org.testng.TestRunner@6cd45b6c]]>
              </value>
            </param>
          </params>
          <reporter-output>
          </reporter-output>
        </test-method> <!-- reportTestCreation -->
        <test-method signature="navigateToWebinarsTest()[pri:2, instance:com.edureka.test.EdurekaCompleteTest@1bd4fdd]" started-at="2025-11-07T06:29:21 IST" name="navigateToWebinarsTest" description="Navigate to Webinars Section" finished-at="2025-11-07T06:29:27 IST" depends-on-methods="com.edureka.test.EdurekaCompleteTest.loginTest" duration-ms="5198" status="PASS">
          <reporter-output>
          </reporter-output>
        </test-method> <!-- navigateToWebinarsTest -->
        <test-method is-config="true" signature="reportTestCompletion(org.testng.ITestResult)[pri:0, instance:com.edureka.test.EdurekaCompleteTest@1bd4fdd]" started-at="2025-11-07T06:29:27 IST" name="reportTestCompletion" finished-at="2025-11-07T06:29:27 IST" duration-ms="181" status="PASS">
          <params>
            <param index="0">
              <value>
                <![CDATA[[TestResult name=navigateToWebinarsTest status=SUCCESS method=EdurekaCompleteTest.navigateToWebinarsTest()[pri:2, instance:com.edureka.test.EdurekaCompleteTest@1bd4fdd] output={null}]]]>
              </value>
            </param>
          </params>
          <reporter-output>
          </reporter-output>
        </test-method> <!-- reportTestCompletion -->
        <test-method is-config="true" signature="reportTestCreation(java.lang.reflect.Method,org.testng.ITestContext)[pri:0, instance:com.edureka.test.EdurekaCompleteTest@1bd4fdd]" started-at="2025-11-07T06:29:28 IST" name="reportTestCreation" finished-at="2025-11-07T06:29:28 IST" duration-ms="3" status="PASS">
          <params>
            <param index="0">
              <value>
                <![CDATA[public void com.edureka.test.EdurekaCompleteTest.searchWebinarTest(java.lang.String) throws java.lang.InterruptedException]]>
              </value>
            </param>
            <param index="1">
              <value>
                <![CDATA[org.testng.TestRunner@6cd45b6c]]>
              </value>
            </param>
          </params>
          <reporter-output>
          </reporter-output>
        </test-method> <!-- reportTestCreation -->
        <test-method signature="searchWebinarTest(java.lang.String)[pri:3, instance:com.edureka.test.EdurekaCompleteTest@1bd4fdd]" started-at="2025-11-07T06:29:28 IST" name="searchWebinarTest" description="Search Webinars with Multiple Keywords" data-provider="webinarSearchTerms" finished-at="2025-11-07T06:29:36 IST" depends-on-methods="com.edureka.test.EdurekaCompleteTest.navigateToWebinarsTest" duration-ms="7604" status="PASS">
          <params>
            <param index="0">
              <value>
                <![CDATA[agentic ai]]>
              </value>
            </param>
          </params>
          <reporter-output>
          </reporter-output>
        </test-method> <!-- searchWebinarTest -->
        <test-method is-config="true" signature="reportTestCompletion(org.testng.ITestResult)[pri:0, instance:com.edureka.test.EdurekaCompleteTest@1bd4fdd]" started-at="2025-11-07T06:29:36 IST" name="reportTestCompletion" finished-at="2025-11-07T06:29:36 IST" duration-ms="193" status="PASS">
          <params>
            <param index="0">
              <value>
                <![CDATA[[TestResult name=searchWebinarTest status=SUCCESS method=EdurekaCompleteTest.searchWebinarTest(java.lang.String)[pri:3, instance:com.edureka.test.EdurekaCompleteTest@1bd4fdd] output={null}]]]>
              </value>
            </param>
          </params>
          <reporter-output>
          </reporter-output>
        </test-method> <!-- reportTestCompletion -->
        <test-method is-config="true" signature="reportTestCreation(java.lang.reflect.Method,org.testng.ITestContext)[pri:0, instance:com.edureka.test.EdurekaCompleteTest@1bd4fdd]" started-at="2025-11-07T06:29:36 IST" name="reportTestCreation" finished-at="2025-11-07T06:29:36 IST" duration-ms="2" status="PASS">
          <params>
            <param index="0">
              <value>
                <![CDATA[public void com.edureka.test.EdurekaCompleteTest.searchWebinarTest(java.lang.String) throws java.lang.InterruptedException]]>
              </value>
            </param>
            <param index="1">
              <value>
                <![CDATA[org.testng.TestRunner@6cd45b6c]]>
              </value>
            </param>
          </params>
          <reporter-output>
          </reporter-output>
        </test-method> <!-- reportTestCreation -->
        <test-method signature="searchWebinarTest(java.lang.String)[pri:3, instance:com.edureka.test.EdurekaCompleteTest@1bd4fdd]" started-at="2025-11-07T06:29:36 IST" name="searchWebinarTest" description="Search Webinars with Multiple Keywords" data-provider="webinarSearchTerms" finished-at="2025-11-07T06:29:41 IST" depends-on-methods="com.edureka.test.EdurekaCompleteTest.navigateToWebinarsTest" duration-ms="4690" status="PASS">
          <params>
            <param index="0">
              <value>
                <![CDATA[azure]]>
              </value>
            </param>
          </params>
          <reporter-output>
          </reporter-output>
        </test-method> <!-- searchWebinarTest -->
        <test-method is-config="true" signature="reportTestCompletion(org.testng.ITestResult)[pri:0, instance:com.edureka.test.EdurekaCompleteTest@1bd4fdd]" started-at="2025-11-07T06:29:41 IST" name="reportTestCompletion" finished-at="2025-11-07T06:29:41 IST" duration-ms="191" status="PASS">
          <params>
            <param index="0">
              <value>
                <![CDATA[[TestResult name=searchWebinarTest status=SUCCESS method=EdurekaCompleteTest.searchWebinarTest(java.lang.String)[pri:3, instance:com.edureka.test.EdurekaCompleteTest@1bd4fdd] output={null}]]]>
              </value>
            </param>
          </params>
          <reporter-output>
          </reporter-output>
        </test-method> <!-- reportTestCompletion -->
        <test-method is-config="true" signature="reportTestCreation(java.lang.reflect.Method,org.testng.ITestContext)[pri:0, instance:com.edureka.test.EdurekaCompleteTest@1bd4fdd]" started-at="2025-11-07T06:29:41 IST" name="reportTestCreation" finished-at="2025-11-07T06:29:41 IST" duration-ms="1" status="PASS">
          <params>
            <param index="0">
              <value>
                <![CDATA[public void com.edureka.test.EdurekaCompleteTest.searchWebinarTest(java.lang.String) throws java.lang.InterruptedException]]>
              </value>
            </param>
            <param index="1">
              <value>
                <![CDATA[org.testng.TestRunner@6cd45b6c]]>
              </value>
            </param>
          </params>
          <reporter-output>
          </reporter-output>
        </test-method> <!-- reportTestCreation -->
        <test-method signature="searchWebinarTest(java.lang.String)[pri:3, instance:com.edureka.test.EdurekaCompleteTest@1bd4fdd]" started-at="2025-11-07T06:29:41 IST" name="searchWebinarTest" description="Search Webinars with Multiple Keywords" data-provider="webinarSearchTerms" finished-at="2025-11-07T06:29:46 IST" depends-on-methods="com.edureka.test.EdurekaCompleteTest.navigateToWebinarsTest" duration-ms="4740" status="PASS">
          <params>
            <param index="0">
              <value>
                <![CDATA[aws]]>
              </value>
            </param>
          </params>
          <reporter-output>
          </reporter-output>
        </test-method> <!-- searchWebinarTest -->
        <test-method is-config="true" signature="reportTestCompletion(org.testng.ITestResult)[pri:0, instance:com.edureka.test.EdurekaCompleteTest@1bd4fdd]" started-at="2025-11-07T06:29:46 IST" name="reportTestCompletion" finished-at="2025-11-07T06:29:46 IST" duration-ms="194" status="PASS">
          <params>
            <param index="0">
              <value>
                <![CDATA[[TestResult name=searchWebinarTest status=SUCCESS method=EdurekaCompleteTest.searchWebinarTest(java.lang.String)[pri:3, instance:com.edureka.test.EdurekaCompleteTest@1bd4fdd] output={null}]]]>
              </value>
            </param>
          </params>
          <reporter-output>
          </reporter-output>
        </test-method> <!-- reportTestCompletion -->
        <test-method is-config="true" signature="reportTestCreation(java.lang.reflect.Method,org.testng.ITestContext)[pri:0, instance:com.edureka.test.EdurekaCompleteTest@1bd4fdd]" started-at="2025-11-07T06:29:46 IST" name="reportTestCreation" finished-at="2025-11-07T06:29:46 IST" duration-ms="2" status="PASS">
          <params>
            <param index="0">
              <value>
                <![CDATA[public void com.edureka.test.EdurekaCompleteTest.searchWebinarTest(java.lang.String) throws java.lang.InterruptedException]]>
              </value>
            </param>
            <param index="1">
              <value>
                <![CDATA[org.testng.TestRunner@6cd45b6c]]>
              </value>
            </param>
          </params>
          <reporter-output>
          </reporter-output>
        </test-method> <!-- reportTestCreation -->
        <test-method signature="searchWebinarTest(java.lang.String)[pri:3, instance:com.edureka.test.EdurekaCompleteTest@1bd4fdd]" started-at="2025-11-07T06:29:46 IST" name="searchWebinarTest" description="Search Webinars with Multiple Keywords" data-provider="webinarSearchTerms" finished-at="2025-11-07T06:29:51 IST" depends-on-methods="com.edureka.test.EdurekaCompleteTest.navigateToWebinarsTest" duration-ms="4713" status="PASS">
          <params>
            <param index="0">
              <value>
                <![CDATA[cyber security]]>
              </value>
            </param>
          </params>
          <reporter-output>
          </reporter-output>
        </test-method> <!-- searchWebinarTest -->
        <test-method is-config="true" signature="reportTestCompletion(org.testng.ITestResult)[pri:0, instance:com.edureka.test.EdurekaCompleteTest@1bd4fdd]" started-at="2025-11-07T06:29:51 IST" name="reportTestCompletion" finished-at="2025-11-07T06:29:51 IST" duration-ms="220" status="PASS">
          <params>
            <param index="0">
              <value>
                <![CDATA[[TestResult name=searchWebinarTest status=SUCCESS method=EdurekaCompleteTest.searchWebinarTest(java.lang.String)[pri:3, instance:com.edureka.test.EdurekaCompleteTest@1bd4fdd] output={null}]]]>
              </value>
            </param>
          </params>
          <reporter-output>
          </reporter-output>
        </test-method> <!-- reportTestCompletion -->
        <test-method is-config="true" signature="reportTestCreation(java.lang.reflect.Method,org.testng.ITestContext)[pri:0, instance:com.edureka.test.EdurekaCompleteTest@1bd4fdd]" started-at="2025-11-07T06:29:51 IST" name="reportTestCreation" finished-at="2025-11-07T06:29:51 IST" duration-ms="2" status="PASS">
          <params>
            <param index="0">
              <value>
                <![CDATA[public void com.edureka.test.EdurekaCompleteTest.searchWebinarTest(java.lang.String) throws java.lang.InterruptedException]]>
              </value>
            </param>
            <param index="1">
              <value>
                <![CDATA[org.testng.TestRunner@6cd45b6c]]>
              </value>
            </param>
          </params>
          <reporter-output>
          </reporter-output>
        </test-method> <!-- reportTestCreation -->
        <test-method signature="searchWebinarTest(java.lang.String)[pri:3, instance:com.edureka.test.EdurekaCompleteTest@1bd4fdd]" started-at="2025-11-07T06:29:51 IST" name="searchWebinarTest" description="Search Webinars with Multiple Keywords" data-provider="webinarSearchTerms" finished-at="2025-11-07T06:29:56 IST" depends-on-methods="com.edureka.test.EdurekaCompleteTest.navigateToWebinarsTest" duration-ms="4643" status="PASS">
          <params>
            <param index="0">
              <value>
                <![CDATA[hwchwvhenov]]>
              </value>
            </param>
          </params>
          <reporter-output>
          </reporter-output>
        </test-method> <!-- searchWebinarTest -->
        <test-method is-config="true" signature="reportTestCompletion(org.testng.ITestResult)[pri:0, instance:com.edureka.test.EdurekaCompleteTest@1bd4fdd]" started-at="2025-11-07T06:29:56 IST" name="reportTestCompletion" finished-at="2025-11-07T06:29:56 IST" duration-ms="193" status="PASS">
          <params>
            <param index="0">
              <value>
                <![CDATA[[TestResult name=searchWebinarTest status=SUCCESS method=EdurekaCompleteTest.searchWebinarTest(java.lang.String)[pri:3, instance:com.edureka.test.EdurekaCompleteTest@1bd4fdd] output={null}]]]>
              </value>
            </param>
          </params>
          <reporter-output>
          </reporter-output>
        </test-method> <!-- reportTestCompletion -->
        <test-method is-config="true" signature="reportTestCreation(java.lang.reflect.Method,org.testng.ITestContext)[pri:0, instance:com.edureka.test.EdurekaCompleteTest@1bd4fdd]" started-at="2025-11-07T06:29:56 IST" name="reportTestCreation" finished-at="2025-11-07T06:29:56 IST" duration-ms="2" status="PASS">
          <params>
            <param index="0">
              <value>
                <![CDATA[public void com.edureka.test.EdurekaCompleteTest.registerForWebinarTest() throws java.lang.InterruptedException]]>
              </value>
            </param>
            <param index="1">
              <value>
                <![CDATA[org.testng.TestRunner@6cd45b6c]]>
              </value>
            </param>
          </params>
          <reporter-output>
          </reporter-output>
        </test-method> <!-- reportTestCreation -->
        <test-method signature="registerForWebinarTest()[pri:4, instance:com.edureka.test.EdurekaCompleteTest@1bd4fdd]" started-at="2025-11-07T06:29:56 IST" name="registerForWebinarTest" description="Register for Webinar" finished-at="2025-11-07T06:30:10 IST" depends-on-methods="com.edureka.test.EdurekaCompleteTest.searchWebinarTest" duration-ms="14641" status="PASS">
          <reporter-output>
          </reporter-output>
        </test-method> <!-- registerForWebinarTest -->
        <test-method is-config="true" signature="reportTestCompletion(org.testng.ITestResult)[pri:0, instance:com.edureka.test.EdurekaCompleteTest@1bd4fdd]" started-at="2025-11-07T06:30:10 IST" name="reportTestCompletion" finished-at="2025-11-07T06:30:10 IST" duration-ms="125" status="PASS">
          <params>
            <param index="0">
              <value>
                <![CDATA[[TestResult name=registerForWebinarTest status=SUCCESS method=EdurekaCompleteTest.registerForWebinarTest()[pri:4, instance:com.edureka.test.EdurekaCompleteTest@1bd4fdd] output={null}]]]>
              </value>
            </param>
          </params>
          <reporter-output>
          </reporter-output>
        </test-method> <!-- reportTestCompletion -->
        <test-method signature="navigateToCareersTest()[pri:5, instance:com.edureka.test.EdurekaCompleteTest@1bd4fdd]" started-at="2025-11-07T06:30:10 IST" name="navigateToCareersTest" description="Navigate to Careers Page" finished-at="2025-11-07T06:30:45 IST" depends-on-methods="com.edureka.test.EdurekaCompleteTest.registerForWebinarTest" duration-ms="34384" status="PASS">
          <reporter-output>
          </reporter-output>
        </test-method> <!-- navigateToCareersTest -->
        <test-method is-config="true" signature="reportTestCreation(java.lang.reflect.Method,org.testng.ITestContext)[pri:0, instance:com.edureka.test.EdurekaCompleteTest@1bd4fdd]" started-at="2025-11-07T06:30:10 IST" name="reportTestCreation" finished-at="2025-11-07T06:30:10 IST" duration-ms="0" status="PASS">
          <params>
            <param index="0">
              <value>
                <![CDATA[public void com.edureka.test.EdurekaCompleteTest.navigateToCareersTest() throws java.lang.Throwable]]>
              </value>
            </param>
            <param index="1">
              <value>
                <![CDATA[org.testng.TestRunner@6cd45b6c]]>
              </value>
            </param>
          </params>
          <reporter-output>
          </reporter-output>
        </test-method> <!-- reportTestCreation -->
        <test-method is-config="true" signature="reportTestCompletion(org.testng.ITestResult)[pri:0, instance:com.edureka.test.EdurekaCompleteTest@1bd4fdd]" started-at="2025-11-07T06:30:45 IST" name="reportTestCompletion" finished-at="2025-11-07T06:30:45 IST" duration-ms="229" status="PASS">
          <params>
            <param index="0">
              <value>
                <![CDATA[[TestResult name=navigateToCareersTest status=SUCCESS method=EdurekaCompleteTest.navigateToCareersTest()[pri:5, instance:com.edureka.test.EdurekaCompleteTest@1bd4fdd] output={null}]]]>
              </value>
            </param>
          </params>
          <reporter-output>
          </reporter-output>
        </test-method> <!-- reportTestCompletion -->
        <test-method is-config="true" signature="reportTestCreation(java.lang.reflect.Method,org.testng.ITestContext)[pri:0, instance:com.edureka.test.EdurekaCompleteTest@1bd4fdd]" started-at="2025-11-07T06:30:45 IST" name="reportTestCreation" finished-at="2025-11-07T06:30:45 IST" duration-ms="1" status="PASS">
          <params>
            <param index="0">
              <value>
                <![CDATA[public void com.edureka.test.EdurekaCompleteTest.navigateToJobOpeningTest() throws java.lang.Throwable]]>
              </value>
            </param>
            <param index="1">
              <value>
                <![CDATA[org.testng.TestRunner@6cd45b6c]]>
              </value>
            </param>
          </params>
          <reporter-output>
          </reporter-output>
        </test-method> <!-- reportTestCreation -->
        <test-method signature="navigateToJobOpeningTest()[pri:6, instance:com.edureka.test.EdurekaCompleteTest@1bd4fdd]" started-at="2025-11-07T06:30:45 IST" name="navigateToJobOpeningTest" description="Navigate to Job Opening" finished-at="2025-11-07T06:30:55 IST" depends-on-methods="com.edureka.test.EdurekaCompleteTest.navigateToCareersTest" duration-ms="9636" status="PASS">
          <reporter-output>
          </reporter-output>
        </test-method> <!-- navigateToJobOpeningTest -->
        <test-method is-config="true" signature="reportTestCompletion(org.testng.ITestResult)[pri:0, instance:com.edureka.test.EdurekaCompleteTest@1bd4fdd]" started-at="2025-11-07T06:30:55 IST" name="reportTestCompletion" finished-at="2025-11-07T06:30:55 IST" duration-ms="134" status="PASS">
          <params>
            <param index="0">
              <value>
                <![CDATA[[TestResult name=navigateToJobOpeningTest status=SUCCESS method=EdurekaCompleteTest.navigateToJobOpeningTest()[pri:6, instance:com.edureka.test.EdurekaCompleteTest@1bd4fdd] output={null}]]]>
              </value>
            </param>
          </params>
          <reporter-output>
          </reporter-output>
        </test-method> <!-- reportTestCompletion -->
        <test-method is-config="true" signature="reportTestCreation(java.lang.reflect.Method,org.testng.ITestContext)[pri:0, instance:com.edureka.test.EdurekaCompleteTest@1bd4fdd]" started-at="2025-11-07T06:30:55 IST" name="reportTestCreation" finished-at="2025-11-07T06:30:55 IST" duration-ms="5" status="PASS">
          <params>
            <param index="0">
              <value>
                <![CDATA[public void com.edureka.test.EdurekaCompleteTest.applyForJobTest(java.lang.String,java.lang.String,java.lang.String) throws java.lang.Throwable]]>
              </value>
            </param>
            <param index="1">
              <value>
                <![CDATA[org.testng.TestRunner@6cd45b6c]]>
              </value>
            </param>
          </params>
          <reporter-output>
          </reporter-output>
        </test-method> <!-- reportTestCreation -->
        <test-method signature="applyForJobTest(java.lang.String,java.lang.String,java.lang.String)[pri:7, instance:com.edureka.test.EdurekaCompleteTest@1bd4fdd]" started-at="2025-11-07T06:30:55 IST" name="applyForJobTest" description="Apply for Job with Test Data" data-provider="ApplyForJob" finished-at="2025-11-07T06:31:37 IST" depends-on-methods="com.edureka.test.EdurekaCompleteTest.navigateToJobOpeningTest" duration-ms="42167" status="PASS">
          <params>
            <param index="0">
              <value>
                <![CDATA[Zane Falcao]]>
              </value>
            </param>
            <param index="1">
              <value>
                <![CDATA[zanefalcao21@gmail.com]]>
              </value>
            </param>
            <param index="2">
              <value>
                <![CDATA[9876543210]]>
              </value>
            </param>
          </params>
          <reporter-output>
          </reporter-output>
        </test-method> <!-- applyForJobTest -->
        <test-method is-config="true" signature="reportTestCompletion(org.testng.ITestResult)[pri:0, instance:com.edureka.test.EdurekaCompleteTest@1bd4fdd]" started-at="2025-11-07T06:31:37 IST" name="reportTestCompletion" finished-at="2025-11-07T06:31:37 IST" duration-ms="177" status="PASS">
          <params>
            <param index="0">
              <value>
                <![CDATA[[TestResult name=applyForJobTest status=SUCCESS method=EdurekaCompleteTest.applyForJobTest(java.lang.String,java.lang.String,java.lang.String)[pri:7, instance:com.edureka.test.EdurekaCompleteTest@1bd4fdd] output={null}]]]>
              </value>
            </param>
          </params>
          <reporter-output>
          </reporter-output>
        </test-method> <!-- reportTestCompletion -->
        <test-method is-config="true" signature="shutdown()[pri:0, instance:com.edureka.test.EdurekaCompleteTest@1bd4fdd]" started-at="2025-11-07T06:31:37 IST" name="shutdown" finished-at="2025-11-07T06:31:38 IST" duration-ms="393" status="PASS">
          <reporter-output>
          </reporter-output>
        </test-method> <!-- shutdown -->
        <test-method is-config="true" signature="reportCompletion()[pri:0, instance:com.edureka.test.EdurekaCompleteTest@1bd4fdd]" started-at="2025-11-07T06:31:38 IST" name="reportCompletion" finished-at="2025-11-07T06:31:38 IST" duration-ms="507" status="PASS">
          <reporter-output>
          </reporter-output>
        </test-method> <!-- reportCompletion -->
      </class> <!-- com.edureka.test.EdurekaCompleteTest -->
    </test> <!-- Default test -->
  </suite> <!-- Default suite -->
</testng-results>
