<?xml version="1.0" encoding="UTF-8"?>
<testng-results ignored="0" total="1" passed="1" failed="0" skipped="0">
  <reporter-output>
  </reporter-output>
  <suite started-at="2025-11-04T21:56:12 IST" name="Default suite" finished-at="2025-11-04T21:57:05 IST" duration-ms="53368">
    <groups>
    </groups>
    <test started-at="2025-11-04T21:56:12 IST" name="Default test" finished-at="2025-11-04T21:57:05 IST" duration-ms="53368">
      <class name="com.edureka.test.DummyTest">
        <test-method is-config="true" signature="reportGeneration()[pri:0, instance:com.edureka.test.DummyTest@302552ec]" started-at="2025-11-04T21:56:11 IST" name="reportGeneration" finished-at="2025-11-04T21:56:12 IST" duration-ms="433" status="PASS">
          <reporter-output>
          </reporter-output>
        </test-method> <!-- reportGeneration -->
        <test-method is-config="true" signature="setupTest()[pri:0, instance:com.edureka.test.DummyTest@302552ec]" started-at="2025-11-04T21:56:12 IST" name="setupTest" finished-at="2025-11-04T21:56:16 IST" duration-ms="4532" status="PASS">
          <reporter-output>
          </reporter-output>
        </test-method> <!-- setupTest -->
        <test-method is-config="true" signature="reportTestCreation(java.lang.reflect.Method)[pri:0, instance:com.edureka.test.DummyTest@302552ec]" started-at="2025-11-04T21:56:16 IST" name="reportTestCreation" finished-at="2025-11-04T21:56:16 IST" duration-ms="14" status="PASS">
          <params>
            <param index="0">
              <value>
                <![CDATA[public void com.edureka.test.DummyTest.sampleTest() throws java.lang.Throwable]]>
              </value>
            </param>
          </params>
          <reporter-output>
          </reporter-output>
        </test-method> <!-- reportTestCreation -->
        <test-method signature="sampleTest()[pri:0, instance:com.edureka.test.DummyTest@302552ec]" started-at="2025-11-04T21:56:16 IST" name="sampleTest" finished-at="2025-11-04T21:57:05 IST" duration-ms="48502" status="PASS">
          <reporter-output>
          </reporter-output>
        </test-method> <!-- sampleTest -->
        <test-method is-config="true" signature="reportTestCompletion(org.testng.ITestResult)[pri:0, instance:com.edureka.test.DummyTest@302552ec]" started-at="2025-11-04T21:57:05 IST" name="reportTestCompletion" finished-at="2025-11-04T21:57:05 IST" duration-ms="277" status="PASS">
          <params>
            <param index="0">
              <value>
                <![CDATA[[TestResult name=sampleTest status=SUCCESS method=DummyTest.sampleTest()[pri:0, instance:com.edureka.test.DummyTest@302552ec] output={null}]]]>
              </value>
            </param>
          </params>
          <reporter-output>
          </reporter-output>
        </test-method> <!-- reportTestCompletion -->
        <test-method is-config="true" signature="reportCompletion()[pri:0, instance:com.edureka.test.DummyTest@302552ec]" started-at="2025-11-04T21:57:05 IST" name="reportCompletion" finished-at="2025-11-04T21:57:06 IST" duration-ms="617" status="PASS">
          <reporter-output>
          </reporter-output>
        </test-method> <!-- reportCompletion -->
      </class> <!-- com.edureka.test.DummyTest -->
    </test> <!-- Default test -->
  </suite> <!-- Default suite -->
</testng-results>
