<?xml version="1.0" encoding="UTF-8"?>
<!-- Generated by org.testng.reporters.JUnitReportReporter -->
<testsuite hostname="Zane" failures="0" tests="5" name="com.edureka.test.TestObjectProperties" time="17.571" errors="0" timestamp="2025-11-03T21:35:53 IST" skipped="0">
  <testcase classname="com.edureka.test.TestObjectProperties" name="testLoginWithPageFactory" time="9.293"/>
  <testcase classname="com.edureka.test.TestObjectProperties" name="testLoginWithObjectReader" time="8.266"/>
  <testcase classname="com.edureka.test.TestObjectProperties" name="testVerifyLocatorsExist" time="0.006"/>
  <testcase classname="com.edureka.test.TestObjectProperties" name="testMultipleLocatorTypes" time="0.003"/>
  <testcase classname="com.edureka.test.TestObjectProperties" name="testAllLocatorTypes" time="0.003"/>
</testsuite> <!-- com.edureka.test.TestObjectProperties -->
