<?xml version="1.0" encoding="UTF-8"?>
<!-- Generated by org.testng.reporters.JUnitReportReporter -->
<testsuite hostname="Zane" failures="0" tests="8" name="com.edureka.test.CareerDataDrivenTest" time="82.124" errors="0" timestamp="2025-11-03T23:12:06 IST" skipped="0">
  <testcase classname="com.edureka.test.CareerDataDrivenTest" name="testJobApplication" time="20.680"/>
  <testcase classname="com.edureka.test.CareerDataDrivenTest" name="testJobApplication" time="20.251"/>
  <testcase classname="com.edureka.test.CareerDataDrivenTest" name="testJobApplication" time="20.974"/>
  <testcase classname="com.edureka.test.CareerDataDrivenTest" name="testJobApplication" time="20.209"/>
  <testcase classname="com.edureka.test.CareerDataDrivenTest" name="testFormFieldValidation" time="0.002"/>
  <testcase classname="com.edureka.test.CareerDataDrivenTest" name="testFormFieldValidation" time="0.002"/>
  <testcase classname="com.edureka.test.CareerDataDrivenTest" name="testFormFieldValidation" time="0.002"/>
  <testcase classname="com.edureka.test.CareerDataDrivenTest" name="testFormFieldValidation" time="0.004"/>
</testsuite> <!-- com.edureka.test.CareerDataDrivenTest -->
