<?xml version="1.0" encoding="UTF-8"?>
<!-- Generated by org.testng.reporters.JUnitReportReporter -->
<testsuite hostname="LIN-5CD532CCPB" failures="0" tests="2" name="com.edureka.test.DummyTest" time="26.489" errors="0" timestamp="2025-11-06T18:06:54 IST" skipped="0">
  <testcase classname="com.edureka.test.DummyTest" name="loginAndNavigateToWebinars" time="16.736"/>
  <testcase classname="com.edureka.test.DummyTest" name="registerForWebinar" time="9.753"/>
</testsuite> <!-- com.edureka.test.DummyTest -->
