<?xml version="1.0" encoding="UTF-8"?>
<!-- Generated by org.testng.reporters.JUnitReportReporter -->
<testsuite hostname="LIN-5CD532CCPB" failures="0" tests="6" name="com.edureka.test.DummyTest" time="42.629" errors="0" timestamp="2025-11-05T15:18:36 IST" skipped="0">
  <testcase classname="com.edureka.test.DummyTest" name="searchWebinarTest" time="5.997"/>
  <testcase classname="com.edureka.test.DummyTest" name="searchWebinarTest" time="3.825"/>
  <testcase classname="com.edureka.test.DummyTest" name="searchWebinarTest" time="3.682"/>
  <testcase classname="com.edureka.test.DummyTest" name="loginAndNavigateToWebinars" time="21.689"/>
  <testcase classname="com.edureka.test.DummyTest" name="searchWebinarTest" time="3.727"/>
  <testcase classname="com.edureka.test.DummyTest" name="searchWebinarTest" time="3.709"/>
</testsuite> <!-- com.edureka.test.DummyTest -->
