<?xml version="1.0" encoding="UTF-8"?>
<!-- Generated by org.testng.reporters.JUnitReportReporter -->
<testsuite hostname="LIN-5CD532CCPB" failures="0" tests="8" name="com.edureka.test.CareerDataDrivenTest" time="119.318" errors="0" timestamp="2025-11-04T09:42:43 IST" skipped="0">
  <testcase classname="com.edureka.test.CareerDataDrivenTest" name="testJobApplication" time="25.856"/>
  <testcase classname="com.edureka.test.CareerDataDrivenTest" name="testJobApplication" time="31.020"/>
  <testcase classname="com.edureka.test.CareerDataDrivenTest" name="testJobApplication" time="25.826"/>
  <testcase classname="com.edureka.test.CareerDataDrivenTest" name="testJobApplication" time="36.607"/>
  <testcase classname="com.edureka.test.CareerDataDrivenTest" name="testFormFieldValidation" time="0.000"/>
  <testcase classname="com.edureka.test.CareerDataDrivenTest" name="testFormFieldValidation" time="0.004"/>
  <testcase classname="com.edureka.test.CareerDataDrivenTest" name="testFormFieldValidation" time="0.002"/>
  <testcase classname="com.edureka.test.CareerDataDrivenTest" name="testFormFieldValidation" time="0.003"/>
</testsuite> <!-- com.edureka.test.CareerDataDrivenTest -->
