<?xml version="1.0" encoding="UTF-8"?>
<!-- Generated by org.testng.reporters.JUnitReportReporter -->
<testsuite hostname="Zane" failures="0" tests="11" name="com.edureka.test.EdurekaCompleteTest" time="140.515" errors="0" timestamp="2025-11-07T00:10:02 IST" skipped="0">
  <testcase classname="com.edureka.test.EdurekaCompleteTest" name="loginTest" time="11.488"/>
  <testcase classname="com.edureka.test.EdurekaCompleteTest" name="navigateToWebinarsTest" time="5.335"/>
  <testcase classname="com.edureka.test.EdurekaCompleteTest" name="searchWebinarTest" time="5.007"/>
  <testcase classname="com.edureka.test.EdurekaCompleteTest" name="searchWebinarTest" time="4.743"/>
  <testcase classname="com.edureka.test.EdurekaCompleteTest" name="searchWebinarTest" time="4.876"/>
  <testcase classname="com.edureka.test.EdurekaCompleteTest" name="searchWebinarTest" time="4.825"/>
  <testcase classname="com.edureka.test.EdurekaCompleteTest" name="searchWebinarTest" time="7.876"/>
  <testcase classname="com.edureka.test.EdurekaCompleteTest" name="registerForWebinarTest" time="14.533"/>
  <testcase classname="com.edureka.test.EdurekaCompleteTest" name="navigateToCareersTest" time="34.711"/>
  <testcase classname="com.edureka.test.EdurekaCompleteTest" name="navigateToJobOpeningTest" time="9.430"/>
  <testcase classname="com.edureka.test.EdurekaCompleteTest" name="applyForJobTest" time="37.691"/>
</testsuite> <!-- com.edureka.test.EdurekaCompleteTest -->
