<?xml version="1.0" encoding="UTF-8"?>
<!-- Generated by org.testng.reporters.JUnitReportReporter -->
<testsuite hostname="Zane" failures="0" tests="11" name="com.edureka.test.EdurekaCompleteTest" time="144.325" errors="0" timestamp="2025-11-07T06:15:24 IST" skipped="0">
  <testcase classname="com.edureka.test.EdurekaCompleteTest" name="loginTest" time="11.524"/>
  <testcase classname="com.edureka.test.EdurekaCompleteTest" name="navigateToWebinarsTest" time="5.665"/>
  <testcase classname="com.edureka.test.EdurekaCompleteTest" name="searchWebinarTest" time="4.875"/>
  <testcase classname="com.edureka.test.EdurekaCompleteTest" name="searchWebinarTest" time="4.854"/>
  <testcase classname="com.edureka.test.EdurekaCompleteTest" name="searchWebinarTest" time="4.831"/>
  <testcase classname="com.edureka.test.EdurekaCompleteTest" name="searchWebinarTest" time="4.834"/>
  <testcase classname="com.edureka.test.EdurekaCompleteTest" name="searchWebinarTest" time="7.093"/>
  <testcase classname="com.edureka.test.EdurekaCompleteTest" name="registerForWebinarTest" time="14.439"/>
  <testcase classname="com.edureka.test.EdurekaCompleteTest" name="navigateToCareersTest" time="34.840"/>
  <testcase classname="com.edureka.test.EdurekaCompleteTest" name="navigateToJobOpeningTest" time="9.405"/>
  <testcase classname="com.edureka.test.EdurekaCompleteTest" name="applyForJobTest" time="41.965"/>
</testsuite> <!-- com.edureka.test.EdurekaCompleteTest -->
